
PLAY [cluster22] **********************************************************************************************************************************************************************************************************************************************************************************************

TASK [Gathering Facts] ****************************************************************************************************************************************************************************************************************************************************************************************
ok: [cass2.deltakappa.com]
ok: [cass3.deltakappa.com]
ok: [cass1.deltakappa.com]

TASK [capture playbook start time] ****************************************************************************************************************************************************************************************************************************************************************************
ok: [cass1.deltakappa.com]
ok: [cass2.deltakappa.com]
ok: [cass3.deltakappa.com]

TASK [cassandra22x_snapshot_clear : include the /etc/ansible/roles/cassandra22x_restore/vars/cluster22/cass1.deltakappa.com/snapshot_6c1b675b-1603-4604-a954-d5a4c90e2f37.yml vars] ***************************************************************************************************************************
ok: [cass1.deltakappa.com -> 127.0.0.1]
ok: [cass2.deltakappa.com -> 127.0.0.1]
ok: [cass3.deltakappa.com -> 127.0.0.1]

TASK [cassandra22x_snapshot_clear : nodetool clearsnapshot -t for each keyspace in the snapshot_6c1b675b-1603-4604-a954-d5a4c90e2f37.yml] *********************************************************************************************************************************************************************
included: /etc/ansible/roles/cassandra22x_snapshot_clear/tasks/keyspace_clear_snapshot.yml for cass1.deltakappa.com, cass2.deltakappa.com, cass3.deltakappa.com
included: /etc/ansible/roles/cassandra22x_snapshot_clear/tasks/keyspace_clear_snapshot.yml for cass1.deltakappa.com, cass2.deltakappa.com, cass3.deltakappa.com
included: /etc/ansible/roles/cassandra22x_snapshot_clear/tasks/keyspace_clear_snapshot.yml for cass1.deltakappa.com, cass2.deltakappa.com, cass3.deltakappa.com
included: /etc/ansible/roles/cassandra22x_snapshot_clear/tasks/keyspace_clear_snapshot.yml for cass1.deltakappa.com, cass2.deltakappa.com, cass3.deltakappa.com
included: /etc/ansible/roles/cassandra22x_snapshot_clear/tasks/keyspace_clear_snapshot.yml for cass1.deltakappa.com, cass2.deltakappa.com, cass3.deltakappa.com

TASK [cassandra22x_snapshot_clear : nodetool clearsnapshot -t snapshot_6c1b675b-1603-4604-a954-d5a4c90e2f37 killrvideo] ***************************************************************************************************************************************************************************************
changed: [cass2.deltakappa.com]
changed: [cass3.deltakappa.com]
changed: [cass1.deltakappa.com]

TASK [cassandra22x_snapshot_clear : clear /var/lib/cassandra/archive/killrvideo/snapshots/snapshot_6c1b675b-1603-4604-a954-d5a4c90e2f37.tar] ******************************************************************************************************************************************************************
changed: [cass2.deltakappa.com]
changed: [cass3.deltakappa.com]
changed: [cass1.deltakappa.com]

TASK [cassandra22x_snapshot_clear : clear /etc/ansible/roles/cassandra22x_restore/vars/cluster22/cass1.deltakappa.com/snapshot_6c1b675b-1603-4604-a954-d5a4c90e2f37_killrvideo.yml] ***************************************************************************************************************************
changed: [cass1.deltakappa.com -> 127.0.0.1]
changed: [cass2.deltakappa.com -> 127.0.0.1]
changed: [cass3.deltakappa.com -> 127.0.0.1]

TASK [cassandra22x_snapshot_clear : nodetool clearsnapshot -t snapshot_6c1b675b-1603-4604-a954-d5a4c90e2f37 system_auth] **************************************************************************************************************************************************************************************
changed: [cass2.deltakappa.com]
changed: [cass3.deltakappa.com]
changed: [cass1.deltakappa.com]

TASK [cassandra22x_snapshot_clear : clear /var/lib/cassandra/archive/system_auth/snapshots/snapshot_6c1b675b-1603-4604-a954-d5a4c90e2f37.tar] *****************************************************************************************************************************************************************
changed: [cass2.deltakappa.com]
changed: [cass1.deltakappa.com]
changed: [cass3.deltakappa.com]

TASK [cassandra22x_snapshot_clear : clear /etc/ansible/roles/cassandra22x_restore/vars/cluster22/cass1.deltakappa.com/snapshot_6c1b675b-1603-4604-a954-d5a4c90e2f37_system_auth.yml] **************************************************************************************************************************
changed: [cass1.deltakappa.com -> 127.0.0.1]
changed: [cass2.deltakappa.com -> 127.0.0.1]
changed: [cass3.deltakappa.com -> 127.0.0.1]

TASK [cassandra22x_snapshot_clear : nodetool clearsnapshot -t snapshot_6c1b675b-1603-4604-a954-d5a4c90e2f37 system_distributed] *******************************************************************************************************************************************************************************
changed: [cass2.deltakappa.com]
changed: [cass3.deltakappa.com]
changed: [cass1.deltakappa.com]

TASK [cassandra22x_snapshot_clear : clear /var/lib/cassandra/archive/system_distributed/snapshots/snapshot_6c1b675b-1603-4604-a954-d5a4c90e2f37.tar] **********************************************************************************************************************************************************
changed: [cass2.deltakappa.com]
changed: [cass1.deltakappa.com]
changed: [cass3.deltakappa.com]

TASK [cassandra22x_snapshot_clear : clear /etc/ansible/roles/cassandra22x_restore/vars/cluster22/cass1.deltakappa.com/snapshot_6c1b675b-1603-4604-a954-d5a4c90e2f37_system_distributed.yml] *******************************************************************************************************************
changed: [cass1.deltakappa.com -> 127.0.0.1]
changed: [cass2.deltakappa.com -> 127.0.0.1]
changed: [cass3.deltakappa.com -> 127.0.0.1]

TASK [cassandra22x_snapshot_clear : nodetool clearsnapshot -t snapshot_6c1b675b-1603-4604-a954-d5a4c90e2f37 system] *******************************************************************************************************************************************************************************************
changed: [cass2.deltakappa.com]
changed: [cass3.deltakappa.com]
changed: [cass1.deltakappa.com]

TASK [cassandra22x_snapshot_clear : clear /var/lib/cassandra/archive/system/snapshots/snapshot_6c1b675b-1603-4604-a954-d5a4c90e2f37.tar] **********************************************************************************************************************************************************************
changed: [cass2.deltakappa.com]
changed: [cass1.deltakappa.com]
changed: [cass3.deltakappa.com]

TASK [cassandra22x_snapshot_clear : clear /etc/ansible/roles/cassandra22x_restore/vars/cluster22/cass1.deltakappa.com/snapshot_6c1b675b-1603-4604-a954-d5a4c90e2f37_system.yml] *******************************************************************************************************************************
changed: [cass1.deltakappa.com -> 127.0.0.1]
changed: [cass2.deltakappa.com -> 127.0.0.1]
changed: [cass3.deltakappa.com -> 127.0.0.1]

TASK [cassandra22x_snapshot_clear : nodetool clearsnapshot -t snapshot_6c1b675b-1603-4604-a954-d5a4c90e2f37 system_traces] ************************************************************************************************************************************************************************************
changed: [cass2.deltakappa.com]
changed: [cass3.deltakappa.com]
changed: [cass1.deltakappa.com]

TASK [cassandra22x_snapshot_clear : clear /var/lib/cassandra/archive/system_traces/snapshots/snapshot_6c1b675b-1603-4604-a954-d5a4c90e2f37.tar] ***************************************************************************************************************************************************************
changed: [cass2.deltakappa.com]
changed: [cass1.deltakappa.com]
changed: [cass3.deltakappa.com]

TASK [cassandra22x_snapshot_clear : clear /etc/ansible/roles/cassandra22x_restore/vars/cluster22/cass1.deltakappa.com/snapshot_6c1b675b-1603-4604-a954-d5a4c90e2f37_system_traces.yml] ************************************************************************************************************************
changed: [cass1.deltakappa.com -> 127.0.0.1]
changed: [cass2.deltakappa.com -> 127.0.0.1]
changed: [cass3.deltakappa.com -> 127.0.0.1]

TASK [cassandra22x_snapshot_clear : clear /var/lib/cassandra/archive/archived_logs/snapshot_6c1b675b-1603-4604-a954-d5a4c90e2f37.tar] *************************************************************************************************************************************************************************
changed: [cass1.deltakappa.com]
changed: [cass2.deltakappa.com]
changed: [cass3.deltakappa.com]

TASK [cassandra22x_snapshot_clear : clear /etc/ansible/roles/cassandra22x_restore/vars/cluster22/cass1.deltakappa.com/snapshot_6c1b675b-1603-4604-a954-d5a4c90e2f37.tar] **************************************************************************************************************************************
changed: [cass1.deltakappa.com -> 127.0.0.1]
changed: [cass2.deltakappa.com -> 127.0.0.1]
changed: [cass3.deltakappa.com -> 127.0.0.1]

TASK [cassandra22x_snapshot_clear : clear /etc/ansible/roles/cassandra22x_restore/vars/cluster22/cass1.deltakappa.com/snapshot_6c1b675b-1603-4604-a954-d5a4c90e2f37.yml] **************************************************************************************************************************************
changed: [cass1.deltakappa.com -> 127.0.0.1]
changed: [cass2.deltakappa.com -> 127.0.0.1]
changed: [cass3.deltakappa.com -> 127.0.0.1]

TASK [capture playbook end time] ******************************************************************************************************************************************************************************************************************************************************************************
ok: [cass1.deltakappa.com]
ok: [cass2.deltakappa.com]
ok: [cass3.deltakappa.com]

TASK [cassandra22x_snapshot_clear.yml play start and end date times] ******************************************************************************************************************************************************************************************************************************************
ok: [cass1.deltakappa.com] => {
    "msg": "start_date_time: 20181020-203842 & end_date_time: 20181020-204144"
}
ok: [cass2.deltakappa.com] => {
    "msg": "start_date_time: 20181020-203842 & end_date_time: 20181020-204145"
}
ok: [cass3.deltakappa.com] => {
    "msg": "start_date_time: 20181020-203842 & end_date_time: 20181020-204145"
}

PLAY RECAP ****************************************************************************************************************************************************************************************************************************************************************************************************
cass1.deltakappa.com       : ok=28   changed=18   unreachable=0    failed=0   
cass2.deltakappa.com       : ok=28   changed=18   unreachable=0    failed=0   
cass3.deltakappa.com       : ok=28   changed=18   unreachable=0    failed=0   

