cass1.deltakappa.com | CHANGED | rc=0 >>
/var/lib/cassandra/data/killrvideo/comments_by_user-44441930d01e11e8af9161a24d399e62/snapshots/snapshot_953485c7-275c-4e97-95b4-849613929621:
lb-29-big-CompressionInfo.db
lb-29-big-Data.db
lb-29-big-Digest.adler32
lb-29-big-Filter.db
lb-29-big-Index.db
lb-29-big-Statistics.db
lb-29-big-Summary.db
lb-29-big-TOC.txt
manifest.json

/var/lib/cassandra/data/killrvideo/comments_by_user-44441930d01e11e8af9161a24d399e62/snapshots/snapshot_e0115828-84ea-4a07-bf9b-9b3f94ce781f:
lb-29-big-CompressionInfo.db
lb-29-big-Data.db
lb-29-big-Digest.adler32
lb-29-big-Filter.db
lb-29-big-Index.db
lb-29-big-Statistics.db
lb-29-big-Summary.db
lb-29-big-TOC.txt
manifest.json

/var/lib/cassandra/data/killrvideo/comments_by_video-431fe481d01e11e88aba9fbe3aadd836/snapshots/snapshot_953485c7-275c-4e97-95b4-849613929621:
lb-17-big-CompressionInfo.db
lb-17-big-Data.db
lb-17-big-Digest.adler32
lb-17-big-Filter.db
lb-17-big-Index.db
lb-17-big-Statistics.db
lb-17-big-Summary.db
lb-17-big-TOC.txt
manifest.json

/var/lib/cassandra/data/killrvideo/comments_by_video-431fe481d01e11e88aba9fbe3aadd836/snapshots/snapshot_e0115828-84ea-4a07-bf9b-9b3f94ce781f:
lb-17-big-CompressionInfo.db
lb-17-big-Data.db
lb-17-big-Digest.adler32
lb-17-big-Filter.db
lb-17-big-Index.db
lb-17-big-Statistics.db
lb-17-big-Summary.db
lb-17-big-TOC.txt
manifest.json

/var/lib/cassandra/data/killrvideo/latest_videos-401c1a63d01e11e8af9161a24d399e62/snapshots/snapshot_953485c7-275c-4e97-95b4-849613929621:
lb-1-big-CompressionInfo.db
lb-1-big-Data.db
lb-1-big-Digest.adler32
lb-1-big-Filter.db
lb-1-big-Index.db
lb-1-big-Statistics.db
lb-1-big-Summary.db
lb-1-big-TOC.txt
manifest.json

/var/lib/cassandra/data/killrvideo/latest_videos-401c1a63d01e11e8af9161a24d399e62/snapshots/snapshot_e0115828-84ea-4a07-bf9b-9b3f94ce781f:
lb-1-big-CompressionInfo.db
lb-1-big-Data.db
lb-1-big-Digest.adler32
lb-1-big-Filter.db
lb-1-big-Index.db
lb-1-big-Statistics.db
lb-1-big-Summary.db
lb-1-big-TOC.txt
manifest.json

/var/lib/cassandra/data/killrvideo/tags_by_letter-42768523d01e11e89422bbcdcbc5c11b/snapshots/snapshot_953485c7-275c-4e97-95b4-849613929621:
manifest.json

/var/lib/cassandra/data/killrvideo/tags_by_letter-42768523d01e11e89422bbcdcbc5c11b/snapshots/snapshot_e0115828-84ea-4a07-bf9b-9b3f94ce781f:
manifest.json

/var/lib/cassandra/data/killrvideo/user_credentials-3d119983d01e11e88aba9fbe3aadd836/snapshots/snapshot_953485c7-275c-4e97-95b4-849613929621:
lb-1-big-CompressionInfo.db
lb-1-big-Data.db
lb-1-big-Digest.adler32
lb-1-big-Filter.db
lb-1-big-Index.db
lb-1-big-Statistics.db
lb-1-big-Summary.db
lb-1-big-TOC.txt
manifest.json

/var/lib/cassandra/data/killrvideo/user_credentials-3d119983d01e11e88aba9fbe3aadd836/snapshots/snapshot_e0115828-84ea-4a07-bf9b-9b3f94ce781f:
lb-1-big-CompressionInfo.db
lb-1-big-Data.db
lb-1-big-Digest.adler32
lb-1-big-Filter.db
lb-1-big-Index.db
lb-1-big-Statistics.db
lb-1-big-Summary.db
lb-1-big-TOC.txt
manifest.json

/var/lib/cassandra/data/killrvideo/users-3e553d13d01e11e8af9161a24d399e62/snapshots/snapshot_953485c7-275c-4e97-95b4-849613929621:
lb-5-big-CompressionInfo.db
lb-5-big-Data.db
lb-5-big-Digest.adler32
lb-5-big-Filter.db
lb-5-big-Index.db
lb-5-big-Statistics.db
lb-5-big-Summary.db
lb-5-big-TOC.txt
lb-6-big-CompressionInfo.db
lb-6-big-Data.db
lb-6-big-Digest.adler32
lb-6-big-Filter.db
lb-6-big-Index.db
lb-6-big-Statistics.db
lb-6-big-Summary.db
lb-6-big-TOC.txt
manifest.json

/var/lib/cassandra/data/killrvideo/users-3e553d13d01e11e8af9161a24d399e62/snapshots/snapshot_e0115828-84ea-4a07-bf9b-9b3f94ce781f:
lb-5-big-CompressionInfo.db
lb-5-big-Data.db
lb-5-big-Digest.adler32
lb-5-big-Filter.db
lb-5-big-Index.db
lb-5-big-Statistics.db
lb-5-big-Summary.db
lb-5-big-TOC.txt
lb-6-big-CompressionInfo.db
lb-6-big-Data.db
lb-6-big-Digest.adler32
lb-6-big-Filter.db
lb-6-big-Index.db
lb-6-big-Statistics.db
lb-6-big-Summary.db
lb-6-big-TOC.txt
manifest.json

/var/lib/cassandra/data/killrvideo/user_videos-3f8383e3d01e11e88aba9fbe3aadd836/snapshots/snapshot_953485c7-275c-4e97-95b4-849613929621:
lb-1-big-CompressionInfo.db
lb-1-big-Data.db
lb-1-big-Digest.adler32
lb-1-big-Filter.db
lb-1-big-Index.db
lb-1-big-Statistics.db
lb-1-big-Summary.db
lb-1-big-TOC.txt
lb-2-big-CompressionInfo.db
lb-2-big-Data.db
lb-2-big-Digest.adler32
lb-2-big-Filter.db
lb-2-big-Index.db
lb-2-big-Statistics.db
lb-2-big-Summary.db
lb-2-big-TOC.txt
manifest.json

/var/lib/cassandra/data/killrvideo/user_videos-3f8383e3d01e11e88aba9fbe3aadd836/snapshots/snapshot_e0115828-84ea-4a07-bf9b-9b3f94ce781f:
lb-1-big-CompressionInfo.db
lb-1-big-Data.db
lb-1-big-Digest.adler32
lb-1-big-Filter.db
lb-1-big-Index.db
lb-1-big-Statistics.db
lb-1-big-Summary.db
lb-1-big-TOC.txt
lb-2-big-CompressionInfo.db
lb-2-big-Data.db
lb-2-big-Digest.adler32
lb-2-big-Filter.db
lb-2-big-Index.db
lb-2-big-Statistics.db
lb-2-big-Summary.db
lb-2-big-TOC.txt
manifest.json

/var/lib/cassandra/data/killrvideo/video_event-44e3dba3d01e11e89422bbcdcbc5c11b/snapshots/snapshot_953485c7-275c-4e97-95b4-849613929621:
lb-1-big-CompressionInfo.db
lb-1-big-Data.db
lb-1-big-Digest.adler32
lb-1-big-Filter.db
lb-1-big-Index.db
lb-1-big-Statistics.db
lb-1-big-Summary.db
lb-1-big-TOC.txt
manifest.json

/var/lib/cassandra/data/killrvideo/video_event-44e3dba3d01e11e89422bbcdcbc5c11b/snapshots/snapshot_e0115828-84ea-4a07-bf9b-9b3f94ce781f:
lb-1-big-CompressionInfo.db
lb-1-big-Data.db
lb-1-big-Digest.adler32
lb-1-big-Filter.db
lb-1-big-Index.db
lb-1-big-Statistics.db
lb-1-big-Summary.db
lb-1-big-TOC.txt
manifest.json

/var/lib/cassandra/data/killrvideo/video_rating-40af0b93d01e11e89422bbcdcbc5c11b/snapshots/snapshot_953485c7-275c-4e97-95b4-849613929621:
lb-1-big-CompressionInfo.db
lb-1-big-Data.db
lb-1-big-Digest.adler32
lb-1-big-Filter.db
lb-1-big-Index.db
lb-1-big-Statistics.db
lb-1-big-Summary.db
lb-1-big-TOC.txt
lb-2-big-CompressionInfo.db
lb-2-big-Data.db
lb-2-big-Digest.adler32
lb-2-big-Filter.db
lb-2-big-Index.db
lb-2-big-Statistics.db
lb-2-big-Summary.db
lb-2-big-TOC.txt
manifest.json

/var/lib/cassandra/data/killrvideo/video_rating-40af0b93d01e11e89422bbcdcbc5c11b/snapshots/snapshot_e0115828-84ea-4a07-bf9b-9b3f94ce781f:
lb-1-big-CompressionInfo.db
lb-1-big-Data.db
lb-1-big-Digest.adler32
lb-1-big-Filter.db
lb-1-big-Index.db
lb-1-big-Statistics.db
lb-1-big-Summary.db
lb-1-big-TOC.txt
lb-2-big-CompressionInfo.db
lb-2-big-Data.db
lb-2-big-Digest.adler32
lb-2-big-Filter.db
lb-2-big-Index.db
lb-2-big-Statistics.db
lb-2-big-Summary.db
lb-2-big-TOC.txt
manifest.json

/var/lib/cassandra/data/killrvideo/video_ratings_by_user-41550f91d01e11e88aba9fbe3aadd836/snapshots/snapshot_953485c7-275c-4e97-95b4-849613929621:
lb-5-big-CompressionInfo.db
lb-5-big-Data.db
lb-5-big-Digest.adler32
lb-5-big-Filter.db
lb-5-big-Index.db
lb-5-big-Statistics.db
lb-5-big-Summary.db
lb-5-big-TOC.txt
lb-6-big-CompressionInfo.db
lb-6-big-Data.db
lb-6-big-Digest.adler32
lb-6-big-Filter.db
lb-6-big-Index.db
lb-6-big-Statistics.db
lb-6-big-Summary.db
lb-6-big-TOC.txt
manifest.json

/var/lib/cassandra/data/killrvideo/video_ratings_by_user-41550f91d01e11e88aba9fbe3aadd836/snapshots/snapshot_e0115828-84ea-4a07-bf9b-9b3f94ce781f:
lb-5-big-CompressionInfo.db
lb-5-big-Data.db
lb-5-big-Digest.adler32
lb-5-big-Filter.db
lb-5-big-Index.db
lb-5-big-Statistics.db
lb-5-big-Summary.db
lb-5-big-TOC.txt
lb-6-big-CompressionInfo.db
lb-6-big-Data.db
lb-6-big-Digest.adler32
lb-6-big-Filter.db
lb-6-big-Index.db
lb-6-big-Statistics.db
lb-6-big-Summary.db
lb-6-big-TOC.txt
manifest.json

/var/lib/cassandra/data/killrvideo/videos-3eedfaa3d01e11e89422bbcdcbc5c11b/snapshots/snapshot_953485c7-275c-4e97-95b4-849613929621:
lb-1-big-CompressionInfo.db
lb-1-big-Data.db
lb-1-big-Digest.adler32
lb-1-big-Filter.db
lb-1-big-Index.db
lb-1-big-Statistics.db
lb-1-big-Summary.db
lb-1-big-TOC.txt
lb-2-big-CompressionInfo.db
lb-2-big-Data.db
lb-2-big-Digest.adler32
lb-2-big-Filter.db
lb-2-big-Index.db
lb-2-big-Statistics.db
lb-2-big-Summary.db
lb-2-big-TOC.txt
manifest.json

/var/lib/cassandra/data/killrvideo/videos-3eedfaa3d01e11e89422bbcdcbc5c11b/snapshots/snapshot_e0115828-84ea-4a07-bf9b-9b3f94ce781f:
lb-1-big-CompressionInfo.db
lb-1-big-Data.db
lb-1-big-Digest.adler32
lb-1-big-Filter.db
lb-1-big-Index.db
lb-1-big-Statistics.db
lb-1-big-Summary.db
lb-1-big-TOC.txt
lb-2-big-CompressionInfo.db
lb-2-big-Data.db
lb-2-big-Digest.adler32
lb-2-big-Filter.db
lb-2-big-Index.db
lb-2-big-Statistics.db
lb-2-big-Summary.db
lb-2-big-TOC.txt
manifest.json

/var/lib/cassandra/data/killrvideo/videos_by_tag-41e58fc0d01e11e8af9161a24d399e62/snapshots/snapshot_953485c7-275c-4e97-95b4-849613929621:
lb-1-big-CompressionInfo.db
lb-1-big-Data.db
lb-1-big-Digest.adler32
lb-1-big-Filter.db
lb-1-big-Index.db
lb-1-big-Statistics.db
lb-1-big-Summary.db
lb-1-big-TOC.txt
lb-2-big-CompressionInfo.db
lb-2-big-Data.db
lb-2-big-Digest.adler32
lb-2-big-Filter.db
lb-2-big-Index.db
lb-2-big-Statistics.db
lb-2-big-Summary.db
lb-2-big-TOC.txt
manifest.json

/var/lib/cassandra/data/killrvideo/videos_by_tag-41e58fc0d01e11e8af9161a24d399e62/snapshots/snapshot_e0115828-84ea-4a07-bf9b-9b3f94ce781f:
lb-1-big-CompressionInfo.db
lb-1-big-Data.db
lb-1-big-Digest.adler32
lb-1-big-Filter.db
lb-1-big-Index.db
lb-1-big-Statistics.db
lb-1-big-Summary.db
lb-1-big-TOC.txt
lb-2-big-CompressionInfo.db
lb-2-big-Data.db
lb-2-big-Digest.adler32
lb-2-big-Filter.db
lb-2-big-Index.db
lb-2-big-Statistics.db
lb-2-big-Summary.db
lb-2-big-TOC.txt
manifest.json
cass2.deltakappa.com | CHANGED | rc=0 >>
/var/lib/cassandra/data/killrvideo/comments_by_user-44441930d01e11e8af9161a24d399e62/snapshots/snapshot_953485c7-275c-4e97-95b4-849613929621:
lb-25-big-CompressionInfo.db
lb-25-big-Data.db
lb-25-big-Digest.adler32
lb-25-big-Filter.db
lb-25-big-Index.db
lb-25-big-Statistics.db
lb-25-big-Summary.db
lb-25-big-TOC.txt
lb-26-big-CompressionInfo.db
lb-26-big-Data.db
lb-26-big-Digest.adler32
lb-26-big-Filter.db
lb-26-big-Index.db
lb-26-big-Statistics.db
lb-26-big-Summary.db
lb-26-big-TOC.txt
manifest.json

/var/lib/cassandra/data/killrvideo/comments_by_user-44441930d01e11e8af9161a24d399e62/snapshots/snapshot_e0115828-84ea-4a07-bf9b-9b3f94ce781f:
lb-25-big-CompressionInfo.db
lb-25-big-Data.db
lb-25-big-Digest.adler32
lb-25-big-Filter.db
lb-25-big-Index.db
lb-25-big-Statistics.db
lb-25-big-Summary.db
lb-25-big-TOC.txt
lb-26-big-CompressionInfo.db
lb-26-big-Data.db
lb-26-big-Digest.adler32
lb-26-big-Filter.db
lb-26-big-Index.db
lb-26-big-Statistics.db
lb-26-big-Summary.db
lb-26-big-TOC.txt
manifest.json

/var/lib/cassandra/data/killrvideo/comments_by_video-431fe481d01e11e88aba9fbe3aadd836/snapshots/snapshot_953485c7-275c-4e97-95b4-849613929621:
lb-13-big-CompressionInfo.db
lb-13-big-Data.db
lb-13-big-Digest.adler32
lb-13-big-Filter.db
lb-13-big-Index.db
lb-13-big-Statistics.db
lb-13-big-Summary.db
lb-13-big-TOC.txt
lb-14-big-CompressionInfo.db
lb-14-big-Data.db
lb-14-big-Digest.adler32
lb-14-big-Filter.db
lb-14-big-Index.db
lb-14-big-Statistics.db
lb-14-big-Summary.db
lb-14-big-TOC.txt
lb-15-big-CompressionInfo.db
lb-15-big-Data.db
lb-15-big-Digest.adler32
lb-15-big-Filter.db
lb-15-big-Index.db
lb-15-big-Statistics.db
lb-15-big-Summary.db
lb-15-big-TOC.txt
manifest.json

/var/lib/cassandra/data/killrvideo/comments_by_video-431fe481d01e11e88aba9fbe3aadd836/snapshots/snapshot_e0115828-84ea-4a07-bf9b-9b3f94ce781f:
lb-13-big-CompressionInfo.db
lb-13-big-Data.db
lb-13-big-Digest.adler32
lb-13-big-Filter.db
lb-13-big-Index.db
lb-13-big-Statistics.db
lb-13-big-Summary.db
lb-13-big-TOC.txt
lb-14-big-CompressionInfo.db
lb-14-big-Data.db
lb-14-big-Digest.adler32
lb-14-big-Filter.db
lb-14-big-Index.db
lb-14-big-Statistics.db
lb-14-big-Summary.db
lb-14-big-TOC.txt
lb-15-big-CompressionInfo.db
lb-15-big-Data.db
lb-15-big-Digest.adler32
lb-15-big-Filter.db
lb-15-big-Index.db
lb-15-big-Statistics.db
lb-15-big-Summary.db
lb-15-big-TOC.txt
manifest.json

/var/lib/cassandra/data/killrvideo/latest_videos-401c1a63d01e11e8af9161a24d399e62/snapshots/snapshot_953485c7-275c-4e97-95b4-849613929621:
lb-1-big-CompressionInfo.db
lb-1-big-Data.db
lb-1-big-Digest.adler32
lb-1-big-Filter.db
lb-1-big-Index.db
lb-1-big-Statistics.db
lb-1-big-Summary.db
lb-1-big-TOC.txt
manifest.json

/var/lib/cassandra/data/killrvideo/latest_videos-401c1a63d01e11e8af9161a24d399e62/snapshots/snapshot_e0115828-84ea-4a07-bf9b-9b3f94ce781f:
lb-1-big-CompressionInfo.db
lb-1-big-Data.db
lb-1-big-Digest.adler32
lb-1-big-Filter.db
lb-1-big-Index.db
lb-1-big-Statistics.db
lb-1-big-Summary.db
lb-1-big-TOC.txt
manifest.json

/var/lib/cassandra/data/killrvideo/tags_by_letter-42768523d01e11e89422bbcdcbc5c11b/snapshots/snapshot_953485c7-275c-4e97-95b4-849613929621:
manifest.json

/var/lib/cassandra/data/killrvideo/tags_by_letter-42768523d01e11e89422bbcdcbc5c11b/snapshots/snapshot_e0115828-84ea-4a07-bf9b-9b3f94ce781f:
manifest.json

/var/lib/cassandra/data/killrvideo/user_credentials-3d119983d01e11e88aba9fbe3aadd836/snapshots/snapshot_953485c7-275c-4e97-95b4-849613929621:
lb-1-big-CompressionInfo.db
lb-1-big-Data.db
lb-1-big-Digest.adler32
lb-1-big-Filter.db
lb-1-big-Index.db
lb-1-big-Statistics.db
lb-1-big-Summary.db
lb-1-big-TOC.txt
manifest.json

/var/lib/cassandra/data/killrvideo/user_credentials-3d119983d01e11e88aba9fbe3aadd836/snapshots/snapshot_e0115828-84ea-4a07-bf9b-9b3f94ce781f:
lb-1-big-CompressionInfo.db
lb-1-big-Data.db
lb-1-big-Digest.adler32
lb-1-big-Filter.db
lb-1-big-Index.db
lb-1-big-Statistics.db
lb-1-big-Summary.db
lb-1-big-TOC.txt
manifest.json

/var/lib/cassandra/data/killrvideo/users-3e553d13d01e11e8af9161a24d399e62/snapshots/snapshot_953485c7-275c-4e97-95b4-849613929621:
lb-5-big-CompressionInfo.db
lb-5-big-Data.db
lb-5-big-Digest.adler32
lb-5-big-Filter.db
lb-5-big-Index.db
lb-5-big-Statistics.db
lb-5-big-Summary.db
lb-5-big-TOC.txt
manifest.json

/var/lib/cassandra/data/killrvideo/users-3e553d13d01e11e8af9161a24d399e62/snapshots/snapshot_e0115828-84ea-4a07-bf9b-9b3f94ce781f:
lb-5-big-CompressionInfo.db
lb-5-big-Data.db
lb-5-big-Digest.adler32
lb-5-big-Filter.db
lb-5-big-Index.db
lb-5-big-Statistics.db
lb-5-big-Summary.db
lb-5-big-TOC.txt
manifest.json

/var/lib/cassandra/data/killrvideo/user_videos-3f8383e3d01e11e88aba9fbe3aadd836/snapshots/snapshot_953485c7-275c-4e97-95b4-849613929621:
lb-1-big-CompressionInfo.db
lb-1-big-Data.db
lb-1-big-Digest.adler32
lb-1-big-Filter.db
lb-1-big-Index.db
lb-1-big-Statistics.db
lb-1-big-Summary.db
lb-1-big-TOC.txt
lb-2-big-CompressionInfo.db
lb-2-big-Data.db
lb-2-big-Digest.adler32
lb-2-big-Filter.db
lb-2-big-Index.db
lb-2-big-Statistics.db
lb-2-big-Summary.db
lb-2-big-TOC.txt
manifest.json

/var/lib/cassandra/data/killrvideo/user_videos-3f8383e3d01e11e88aba9fbe3aadd836/snapshots/snapshot_e0115828-84ea-4a07-bf9b-9b3f94ce781f:
lb-1-big-CompressionInfo.db
lb-1-big-Data.db
lb-1-big-Digest.adler32
lb-1-big-Filter.db
lb-1-big-Index.db
lb-1-big-Statistics.db
lb-1-big-Summary.db
lb-1-big-TOC.txt
lb-2-big-CompressionInfo.db
lb-2-big-Data.db
lb-2-big-Digest.adler32
lb-2-big-Filter.db
lb-2-big-Index.db
lb-2-big-Statistics.db
lb-2-big-Summary.db
lb-2-big-TOC.txt
manifest.json

/var/lib/cassandra/data/killrvideo/video_event-44e3dba3d01e11e89422bbcdcbc5c11b/snapshots/snapshot_953485c7-275c-4e97-95b4-849613929621:
lb-1-big-CompressionInfo.db
lb-1-big-Data.db
lb-1-big-Digest.adler32
lb-1-big-Filter.db
lb-1-big-Index.db
lb-1-big-Statistics.db
lb-1-big-Summary.db
lb-1-big-TOC.txt
manifest.json

/var/lib/cassandra/data/killrvideo/video_event-44e3dba3d01e11e89422bbcdcbc5c11b/snapshots/snapshot_e0115828-84ea-4a07-bf9b-9b3f94ce781f:
lb-1-big-CompressionInfo.db
lb-1-big-Data.db
lb-1-big-Digest.adler32
lb-1-big-Filter.db
lb-1-big-Index.db
lb-1-big-Statistics.db
lb-1-big-Summary.db
lb-1-big-TOC.txt
manifest.json

/var/lib/cassandra/data/killrvideo/video_rating-40af0b93d01e11e89422bbcdcbc5c11b/snapshots/snapshot_953485c7-275c-4e97-95b4-849613929621:
lb-1-big-CompressionInfo.db
lb-1-big-Data.db
lb-1-big-Digest.adler32
lb-1-big-Filter.db
lb-1-big-Index.db
lb-1-big-Statistics.db
lb-1-big-Summary.db
lb-1-big-TOC.txt
lb-2-big-CompressionInfo.db
lb-2-big-Data.db
lb-2-big-Digest.adler32
lb-2-big-Filter.db
lb-2-big-Index.db
lb-2-big-Statistics.db
lb-2-big-Summary.db
lb-2-big-TOC.txt
manifest.json

/var/lib/cassandra/data/killrvideo/video_rating-40af0b93d01e11e89422bbcdcbc5c11b/snapshots/snapshot_e0115828-84ea-4a07-bf9b-9b3f94ce781f:
lb-1-big-CompressionInfo.db
lb-1-big-Data.db
lb-1-big-Digest.adler32
lb-1-big-Filter.db
lb-1-big-Index.db
lb-1-big-Statistics.db
lb-1-big-Summary.db
lb-1-big-TOC.txt
lb-2-big-CompressionInfo.db
lb-2-big-Data.db
lb-2-big-Digest.adler32
lb-2-big-Filter.db
lb-2-big-Index.db
lb-2-big-Statistics.db
lb-2-big-Summary.db
lb-2-big-TOC.txt
manifest.json

/var/lib/cassandra/data/killrvideo/video_ratings_by_user-41550f91d01e11e88aba9fbe3aadd836/snapshots/snapshot_953485c7-275c-4e97-95b4-849613929621:
lb-5-big-CompressionInfo.db
lb-5-big-Data.db
lb-5-big-Digest.adler32
lb-5-big-Filter.db
lb-5-big-Index.db
lb-5-big-Statistics.db
lb-5-big-Summary.db
lb-5-big-TOC.txt
lb-6-big-CompressionInfo.db
lb-6-big-Data.db
lb-6-big-Digest.adler32
lb-6-big-Filter.db
lb-6-big-Index.db
lb-6-big-Statistics.db
lb-6-big-Summary.db
lb-6-big-TOC.txt
manifest.json

/var/lib/cassandra/data/killrvideo/video_ratings_by_user-41550f91d01e11e88aba9fbe3aadd836/snapshots/snapshot_e0115828-84ea-4a07-bf9b-9b3f94ce781f:
lb-5-big-CompressionInfo.db
lb-5-big-Data.db
lb-5-big-Digest.adler32
lb-5-big-Filter.db
lb-5-big-Index.db
lb-5-big-Statistics.db
lb-5-big-Summary.db
lb-5-big-TOC.txt
lb-6-big-CompressionInfo.db
lb-6-big-Data.db
lb-6-big-Digest.adler32
lb-6-big-Filter.db
lb-6-big-Index.db
lb-6-big-Statistics.db
lb-6-big-Summary.db
lb-6-big-TOC.txt
manifest.json

/var/lib/cassandra/data/killrvideo/videos-3eedfaa3d01e11e89422bbcdcbc5c11b/snapshots/snapshot_953485c7-275c-4e97-95b4-849613929621:
lb-1-big-CompressionInfo.db
lb-1-big-Data.db
lb-1-big-Digest.adler32
lb-1-big-Filter.db
lb-1-big-Index.db
lb-1-big-Statistics.db
lb-1-big-Summary.db
lb-1-big-TOC.txt
lb-2-big-CompressionInfo.db
lb-2-big-Data.db
lb-2-big-Digest.adler32
lb-2-big-Filter.db
lb-2-big-Index.db
lb-2-big-Statistics.db
lb-2-big-Summary.db
lb-2-big-TOC.txt
manifest.json

/var/lib/cassandra/data/killrvideo/videos-3eedfaa3d01e11e89422bbcdcbc5c11b/snapshots/snapshot_e0115828-84ea-4a07-bf9b-9b3f94ce781f:
lb-1-big-CompressionInfo.db
lb-1-big-Data.db
lb-1-big-Digest.adler32
lb-1-big-Filter.db
lb-1-big-Index.db
lb-1-big-Statistics.db
lb-1-big-Summary.db
lb-1-big-TOC.txt
lb-2-big-CompressionInfo.db
lb-2-big-Data.db
lb-2-big-Digest.adler32
lb-2-big-Filter.db
lb-2-big-Index.db
lb-2-big-Statistics.db
lb-2-big-Summary.db
lb-2-big-TOC.txt
manifest.json

/var/lib/cassandra/data/killrvideo/videos_by_tag-41e58fc0d01e11e8af9161a24d399e62/snapshots/snapshot_953485c7-275c-4e97-95b4-849613929621:
lb-1-big-CompressionInfo.db
lb-1-big-Data.db
lb-1-big-Digest.adler32
lb-1-big-Filter.db
lb-1-big-Index.db
lb-1-big-Statistics.db
lb-1-big-Summary.db
lb-1-big-TOC.txt
lb-2-big-CompressionInfo.db
lb-2-big-Data.db
lb-2-big-Digest.adler32
lb-2-big-Filter.db
lb-2-big-Index.db
lb-2-big-Statistics.db
lb-2-big-Summary.db
lb-2-big-TOC.txt
manifest.json

/var/lib/cassandra/data/killrvideo/videos_by_tag-41e58fc0d01e11e8af9161a24d399e62/snapshots/snapshot_e0115828-84ea-4a07-bf9b-9b3f94ce781f:
lb-1-big-CompressionInfo.db
lb-1-big-Data.db
lb-1-big-Digest.adler32
lb-1-big-Filter.db
lb-1-big-Index.db
lb-1-big-Statistics.db
lb-1-big-Summary.db
lb-1-big-TOC.txt
lb-2-big-CompressionInfo.db
lb-2-big-Data.db
lb-2-big-Digest.adler32
lb-2-big-Filter.db
lb-2-big-Index.db
lb-2-big-Statistics.db
lb-2-big-Summary.db
lb-2-big-TOC.txt
manifest.json
cass3.deltakappa.com | CHANGED | rc=0 >>
/var/lib/cassandra/data/killrvideo/comments_by_user-44441930d01e11e8af9161a24d399e62/snapshots/snapshot_953485c7-275c-4e97-95b4-849613929621:
lb-21-big-CompressionInfo.db
lb-21-big-Data.db
lb-21-big-Digest.adler32
lb-21-big-Filter.db
lb-21-big-Index.db
lb-21-big-Statistics.db
lb-21-big-Summary.db
lb-21-big-TOC.txt
lb-22-big-CompressionInfo.db
lb-22-big-Data.db
lb-22-big-Digest.adler32
lb-22-big-Filter.db
lb-22-big-Index.db
lb-22-big-Statistics.db
lb-22-big-Summary.db
lb-22-big-TOC.txt
manifest.json

/var/lib/cassandra/data/killrvideo/comments_by_user-44441930d01e11e8af9161a24d399e62/snapshots/snapshot_e0115828-84ea-4a07-bf9b-9b3f94ce781f:
lb-21-big-CompressionInfo.db
lb-21-big-Data.db
lb-21-big-Digest.adler32
lb-21-big-Filter.db
lb-21-big-Index.db
lb-21-big-Statistics.db
lb-21-big-Summary.db
lb-21-big-TOC.txt
lb-22-big-CompressionInfo.db
lb-22-big-Data.db
lb-22-big-Digest.adler32
lb-22-big-Filter.db
lb-22-big-Index.db
lb-22-big-Statistics.db
lb-22-big-Summary.db
lb-22-big-TOC.txt
manifest.json

/var/lib/cassandra/data/killrvideo/comments_by_video-431fe481d01e11e88aba9fbe3aadd836/snapshots/snapshot_953485c7-275c-4e97-95b4-849613929621:
lb-13-big-CompressionInfo.db
lb-13-big-Data.db
lb-13-big-Digest.adler32
lb-13-big-Filter.db
lb-13-big-Index.db
lb-13-big-Statistics.db
lb-13-big-Summary.db
lb-13-big-TOC.txt
lb-14-big-CompressionInfo.db
lb-14-big-Data.db
lb-14-big-Digest.adler32
lb-14-big-Filter.db
lb-14-big-Index.db
lb-14-big-Statistics.db
lb-14-big-Summary.db
lb-14-big-TOC.txt
manifest.json

/var/lib/cassandra/data/killrvideo/comments_by_video-431fe481d01e11e88aba9fbe3aadd836/snapshots/snapshot_e0115828-84ea-4a07-bf9b-9b3f94ce781f:
lb-13-big-CompressionInfo.db
lb-13-big-Data.db
lb-13-big-Digest.adler32
lb-13-big-Filter.db
lb-13-big-Index.db
lb-13-big-Statistics.db
lb-13-big-Summary.db
lb-13-big-TOC.txt
lb-14-big-CompressionInfo.db
lb-14-big-Data.db
lb-14-big-Digest.adler32
lb-14-big-Filter.db
lb-14-big-Index.db
lb-14-big-Statistics.db
lb-14-big-Summary.db
lb-14-big-TOC.txt
manifest.json

/var/lib/cassandra/data/killrvideo/latest_videos-401c1a63d01e11e8af9161a24d399e62/snapshots/snapshot_953485c7-275c-4e97-95b4-849613929621:
lb-1-big-CompressionInfo.db
lb-1-big-Data.db
lb-1-big-Digest.adler32
lb-1-big-Filter.db
lb-1-big-Index.db
lb-1-big-Statistics.db
lb-1-big-Summary.db
lb-1-big-TOC.txt
manifest.json

/var/lib/cassandra/data/killrvideo/latest_videos-401c1a63d01e11e8af9161a24d399e62/snapshots/snapshot_e0115828-84ea-4a07-bf9b-9b3f94ce781f:
lb-1-big-CompressionInfo.db
lb-1-big-Data.db
lb-1-big-Digest.adler32
lb-1-big-Filter.db
lb-1-big-Index.db
lb-1-big-Statistics.db
lb-1-big-Summary.db
lb-1-big-TOC.txt
manifest.json

/var/lib/cassandra/data/killrvideo/tags_by_letter-42768523d01e11e89422bbcdcbc5c11b/snapshots/snapshot_953485c7-275c-4e97-95b4-849613929621:
manifest.json

/var/lib/cassandra/data/killrvideo/tags_by_letter-42768523d01e11e89422bbcdcbc5c11b/snapshots/snapshot_e0115828-84ea-4a07-bf9b-9b3f94ce781f:
manifest.json

/var/lib/cassandra/data/killrvideo/user_credentials-3d119983d01e11e88aba9fbe3aadd836/snapshots/snapshot_953485c7-275c-4e97-95b4-849613929621:
lb-1-big-CompressionInfo.db
lb-1-big-Data.db
lb-1-big-Digest.adler32
lb-1-big-Filter.db
lb-1-big-Index.db
lb-1-big-Statistics.db
lb-1-big-Summary.db
lb-1-big-TOC.txt
manifest.json

/var/lib/cassandra/data/killrvideo/user_credentials-3d119983d01e11e88aba9fbe3aadd836/snapshots/snapshot_e0115828-84ea-4a07-bf9b-9b3f94ce781f:
lb-1-big-CompressionInfo.db
lb-1-big-Data.db
lb-1-big-Digest.adler32
lb-1-big-Filter.db
lb-1-big-Index.db
lb-1-big-Statistics.db
lb-1-big-Summary.db
lb-1-big-TOC.txt
manifest.json

/var/lib/cassandra/data/killrvideo/users-3e553d13d01e11e8af9161a24d399e62/snapshots/snapshot_953485c7-275c-4e97-95b4-849613929621:
lb-5-big-CompressionInfo.db
lb-5-big-Data.db
lb-5-big-Digest.adler32
lb-5-big-Filter.db
lb-5-big-Index.db
lb-5-big-Statistics.db
lb-5-big-Summary.db
lb-5-big-TOC.txt
lb-6-big-CompressionInfo.db
lb-6-big-Data.db
lb-6-big-Digest.adler32
lb-6-big-Filter.db
lb-6-big-Index.db
lb-6-big-Statistics.db
lb-6-big-Summary.db
lb-6-big-TOC.txt
manifest.json

/var/lib/cassandra/data/killrvideo/users-3e553d13d01e11e8af9161a24d399e62/snapshots/snapshot_e0115828-84ea-4a07-bf9b-9b3f94ce781f:
lb-5-big-CompressionInfo.db
lb-5-big-Data.db
lb-5-big-Digest.adler32
lb-5-big-Filter.db
lb-5-big-Index.db
lb-5-big-Statistics.db
lb-5-big-Summary.db
lb-5-big-TOC.txt
lb-6-big-CompressionInfo.db
lb-6-big-Data.db
lb-6-big-Digest.adler32
lb-6-big-Filter.db
lb-6-big-Index.db
lb-6-big-Statistics.db
lb-6-big-Summary.db
lb-6-big-TOC.txt
manifest.json

/var/lib/cassandra/data/killrvideo/user_videos-3f8383e3d01e11e88aba9fbe3aadd836/snapshots/snapshot_953485c7-275c-4e97-95b4-849613929621:
lb-1-big-CompressionInfo.db
lb-1-big-Data.db
lb-1-big-Digest.adler32
lb-1-big-Filter.db
lb-1-big-Index.db
lb-1-big-Statistics.db
lb-1-big-Summary.db
lb-1-big-TOC.txt
lb-2-big-CompressionInfo.db
lb-2-big-Data.db
lb-2-big-Digest.adler32
lb-2-big-Filter.db
lb-2-big-Index.db
lb-2-big-Statistics.db
lb-2-big-Summary.db
lb-2-big-TOC.txt
manifest.json

/var/lib/cassandra/data/killrvideo/user_videos-3f8383e3d01e11e88aba9fbe3aadd836/snapshots/snapshot_e0115828-84ea-4a07-bf9b-9b3f94ce781f:
lb-1-big-CompressionInfo.db
lb-1-big-Data.db
lb-1-big-Digest.adler32
lb-1-big-Filter.db
lb-1-big-Index.db
lb-1-big-Statistics.db
lb-1-big-Summary.db
lb-1-big-TOC.txt
lb-2-big-CompressionInfo.db
lb-2-big-Data.db
lb-2-big-Digest.adler32
lb-2-big-Filter.db
lb-2-big-Index.db
lb-2-big-Statistics.db
lb-2-big-Summary.db
lb-2-big-TOC.txt
manifest.json

/var/lib/cassandra/data/killrvideo/video_event-44e3dba3d01e11e89422bbcdcbc5c11b/snapshots/snapshot_953485c7-275c-4e97-95b4-849613929621:
lb-1-big-CompressionInfo.db
lb-1-big-Data.db
lb-1-big-Digest.adler32
lb-1-big-Filter.db
lb-1-big-Index.db
lb-1-big-Statistics.db
lb-1-big-Summary.db
lb-1-big-TOC.txt
manifest.json

/var/lib/cassandra/data/killrvideo/video_event-44e3dba3d01e11e89422bbcdcbc5c11b/snapshots/snapshot_e0115828-84ea-4a07-bf9b-9b3f94ce781f:
lb-1-big-CompressionInfo.db
lb-1-big-Data.db
lb-1-big-Digest.adler32
lb-1-big-Filter.db
lb-1-big-Index.db
lb-1-big-Statistics.db
lb-1-big-Summary.db
lb-1-big-TOC.txt
manifest.json

/var/lib/cassandra/data/killrvideo/video_rating-40af0b93d01e11e89422bbcdcbc5c11b/snapshots/snapshot_953485c7-275c-4e97-95b4-849613929621:
lb-1-big-CompressionInfo.db
lb-1-big-Data.db
lb-1-big-Digest.adler32
lb-1-big-Filter.db
lb-1-big-Index.db
lb-1-big-Statistics.db
lb-1-big-Summary.db
lb-1-big-TOC.txt
lb-2-big-CompressionInfo.db
lb-2-big-Data.db
lb-2-big-Digest.adler32
lb-2-big-Filter.db
lb-2-big-Index.db
lb-2-big-Statistics.db
lb-2-big-Summary.db
lb-2-big-TOC.txt
manifest.json

/var/lib/cassandra/data/killrvideo/video_rating-40af0b93d01e11e89422bbcdcbc5c11b/snapshots/snapshot_e0115828-84ea-4a07-bf9b-9b3f94ce781f:
lb-1-big-CompressionInfo.db
lb-1-big-Data.db
lb-1-big-Digest.adler32
lb-1-big-Filter.db
lb-1-big-Index.db
lb-1-big-Statistics.db
lb-1-big-Summary.db
lb-1-big-TOC.txt
lb-2-big-CompressionInfo.db
lb-2-big-Data.db
lb-2-big-Digest.adler32
lb-2-big-Filter.db
lb-2-big-Index.db
lb-2-big-Statistics.db
lb-2-big-Summary.db
lb-2-big-TOC.txt
manifest.json

/var/lib/cassandra/data/killrvideo/video_ratings_by_user-41550f91d01e11e88aba9fbe3aadd836/snapshots/snapshot_953485c7-275c-4e97-95b4-849613929621:
lb-5-big-CompressionInfo.db
lb-5-big-Data.db
lb-5-big-Digest.adler32
lb-5-big-Filter.db
lb-5-big-Index.db
lb-5-big-Statistics.db
lb-5-big-Summary.db
lb-5-big-TOC.txt
manifest.json

/var/lib/cassandra/data/killrvideo/video_ratings_by_user-41550f91d01e11e88aba9fbe3aadd836/snapshots/snapshot_e0115828-84ea-4a07-bf9b-9b3f94ce781f:
lb-5-big-CompressionInfo.db
lb-5-big-Data.db
lb-5-big-Digest.adler32
lb-5-big-Filter.db
lb-5-big-Index.db
lb-5-big-Statistics.db
lb-5-big-Summary.db
lb-5-big-TOC.txt
manifest.json

/var/lib/cassandra/data/killrvideo/videos-3eedfaa3d01e11e89422bbcdcbc5c11b/snapshots/snapshot_953485c7-275c-4e97-95b4-849613929621:
lb-1-big-CompressionInfo.db
lb-1-big-Data.db
lb-1-big-Digest.adler32
lb-1-big-Filter.db
lb-1-big-Index.db
lb-1-big-Statistics.db
lb-1-big-Summary.db
lb-1-big-TOC.txt
lb-2-big-CompressionInfo.db
lb-2-big-Data.db
lb-2-big-Digest.adler32
lb-2-big-Filter.db
lb-2-big-Index.db
lb-2-big-Statistics.db
lb-2-big-Summary.db
lb-2-big-TOC.txt
manifest.json

/var/lib/cassandra/data/killrvideo/videos-3eedfaa3d01e11e89422bbcdcbc5c11b/snapshots/snapshot_e0115828-84ea-4a07-bf9b-9b3f94ce781f:
lb-1-big-CompressionInfo.db
lb-1-big-Data.db
lb-1-big-Digest.adler32
lb-1-big-Filter.db
lb-1-big-Index.db
lb-1-big-Statistics.db
lb-1-big-Summary.db
lb-1-big-TOC.txt
lb-2-big-CompressionInfo.db
lb-2-big-Data.db
lb-2-big-Digest.adler32
lb-2-big-Filter.db
lb-2-big-Index.db
lb-2-big-Statistics.db
lb-2-big-Summary.db
lb-2-big-TOC.txt
manifest.json

/var/lib/cassandra/data/killrvideo/videos_by_tag-41e58fc0d01e11e8af9161a24d399e62/snapshots/snapshot_953485c7-275c-4e97-95b4-849613929621:
lb-1-big-CompressionInfo.db
lb-1-big-Data.db
lb-1-big-Digest.adler32
lb-1-big-Filter.db
lb-1-big-Index.db
lb-1-big-Statistics.db
lb-1-big-Summary.db
lb-1-big-TOC.txt
lb-2-big-CompressionInfo.db
lb-2-big-Data.db
lb-2-big-Digest.adler32
lb-2-big-Filter.db
lb-2-big-Index.db
lb-2-big-Statistics.db
lb-2-big-Summary.db
lb-2-big-TOC.txt
manifest.json

/var/lib/cassandra/data/killrvideo/videos_by_tag-41e58fc0d01e11e8af9161a24d399e62/snapshots/snapshot_e0115828-84ea-4a07-bf9b-9b3f94ce781f:
lb-1-big-CompressionInfo.db
lb-1-big-Data.db
lb-1-big-Digest.adler32
lb-1-big-Filter.db
lb-1-big-Index.db
lb-1-big-Statistics.db
lb-1-big-Summary.db
lb-1-big-TOC.txt
lb-2-big-CompressionInfo.db
lb-2-big-Data.db
lb-2-big-Digest.adler32
lb-2-big-Filter.db
lb-2-big-Index.db
lb-2-big-Statistics.db
lb-2-big-Summary.db
lb-2-big-TOC.txt
manifest.json
