
PLAY [cluster22] ******************************************************************************************************************************************************************************

TASK [Gathering Facts] ************************************************************************************************************************************************************************
ok: [cass2.deltakappa.com]
ok: [cass3.deltakappa.com]
ok: [cass1.deltakappa.com]

TASK [capture playbook start time] ************************************************************************************************************************************************************
ok: [cass1.deltakappa.com]
ok: [cass2.deltakappa.com]
ok: [cass3.deltakappa.com]

TASK [cassandra22x_snapshot_local_archive : include the /etc/ansible/roles/cassandra22x_restore/vars/cluster22/cass1.deltakappa.com/snapshot_953485c7-275c-4e97-95b4-849613929621.yml] ********
ok: [cass1.deltakappa.com -> 127.0.0.1]
ok: [cass2.deltakappa.com -> 127.0.0.1]
ok: [cass3.deltakappa.com -> 127.0.0.1]

TASK [cassandra22x_snapshot_local_archive : set fact_snapshot_name fact to snapshot_{{ snapshot_uuid }}] **************************************************************************************
ok: [cass1.deltakappa.com]
ok: [cass2.deltakappa.com]
ok: [cass3.deltakappa.com]

TASK [cassandra22x_snapshot_local_archive : set fact_snapshot_keyspace_list fact to the results of get_keyspaces] *****************************************************************************
ok: [cass1.deltakappa.com]
ok: [cass2.deltakappa.com]
ok: [cass3.deltakappa.com]

TASK [cassandra22x_snapshot_local_archive : create missing archive directories for each keyspace] *********************************************************************************************
changed: [cass2.deltakappa.com] => (item=killrvideo)
changed: [cass3.deltakappa.com] => (item=killrvideo)
changed: [cass2.deltakappa.com] => (item=system_auth)
changed: [cass1.deltakappa.com] => (item=killrvideo)
changed: [cass3.deltakappa.com] => (item=system_auth)
changed: [cass2.deltakappa.com] => (item=system_distributed)
changed: [cass3.deltakappa.com] => (item=system_distributed)
changed: [cass1.deltakappa.com] => (item=system_auth)
changed: [cass2.deltakappa.com] => (item=system)
changed: [cass1.deltakappa.com] => (item=system_distributed)
changed: [cass3.deltakappa.com] => (item=system)
changed: [cass2.deltakappa.com] => (item=system_traces)
changed: [cass3.deltakappa.com] => (item=system_traces)
changed: [cass1.deltakappa.com] => (item=system)
changed: [cass1.deltakappa.com] => (item=system_traces)

TASK [cassandra22x_snapshot_local_archive : tar snapshot /var/lib/cassandra/data/keyspaces/*/snapshots/snapshot_953485c7-275c-4e97-95b4-849613929621 into /var/lib/cassandra/archive/snapshot_953485c7-275c-4e97-95b4-849613929621.tar] ***
changed: [cass2.deltakappa.com] => (item=killrvideo)
changed: [cass2.deltakappa.com] => (item=system_auth)
changed: [cass2.deltakappa.com] => (item=system_distributed)
changed: [cass2.deltakappa.com] => (item=system)
changed: [cass2.deltakappa.com] => (item=system_traces)
changed: [cass1.deltakappa.com] => (item=killrvideo)
changed: [cass3.deltakappa.com] => (item=killrvideo)
changed: [cass1.deltakappa.com] => (item=system_auth)
changed: [cass3.deltakappa.com] => (item=system_auth)
changed: [cass1.deltakappa.com] => (item=system_distributed)
changed: [cass3.deltakappa.com] => (item=system_distributed)
changed: [cass1.deltakappa.com] => (item=system)
changed: [cass1.deltakappa.com] => (item=system_traces)
changed: [cass3.deltakappa.com] => (item=system)
changed: [cass3.deltakappa.com] => (item=system_traces)

TASK [cassandra22x_snapshot_local_archive : create missing log archive directory] *************************************************************************************************************
changed: [cass1.deltakappa.com]
changed: [cass2.deltakappa.com]
changed: [cass3.deltakappa.com]

TASK [cassandra22x_snapshot_local_archive : tar snapshot /var/log/cassandra/snapshot_953485c7-275c-4e97-95b4-849613929621*.* into /var/lib/cassandra/archive/snapshot_953485c7-275c-4e97-95b4-849613929621.tar] ***
changed: [cass2.deltakappa.com]
changed: [cass1.deltakappa.com]
changed: [cass3.deltakappa.com]

TASK [cassandra22x_snapshot_local_archive : create missing archive directories for each keyspace] *********************************************************************************************
skipping: [cass1.deltakappa.com] => (item=killrvideo) 
skipping: [cass1.deltakappa.com] => (item=system_auth) 
skipping: [cass1.deltakappa.com] => (item=system_distributed) 
skipping: [cass1.deltakappa.com] => (item=system) 
skipping: [cass1.deltakappa.com] => (item=system_traces) 
skipping: [cass2.deltakappa.com] => (item=killrvideo) 
skipping: [cass2.deltakappa.com] => (item=system_auth) 
skipping: [cass2.deltakappa.com] => (item=system_distributed) 
skipping: [cass2.deltakappa.com] => (item=system) 
skipping: [cass2.deltakappa.com] => (item=system_traces) 
skipping: [cass3.deltakappa.com] => (item=killrvideo) 
skipping: [cass3.deltakappa.com] => (item=system_auth) 
skipping: [cass3.deltakappa.com] => (item=system_distributed) 
skipping: [cass3.deltakappa.com] => (item=system) 
skipping: [cass3.deltakappa.com] => (item=system_traces) 

TASK [cassandra22x_snapshot_local_archive : gz archive snapshot /var/lib/cassandra/data/keyspaces/*/snapshots/snapshot_953485c7-275c-4e97-95b4-849613929621 into /var/lib/cassandra/archive/keyspaces/snapshots/snapshot_953485c7-275c-4e97-95b4-849613929621.tar.gz] ***
skipping: [cass1.deltakappa.com] => (item=killrvideo) 
skipping: [cass1.deltakappa.com] => (item=system_auth) 
skipping: [cass1.deltakappa.com] => (item=system_distributed) 
skipping: [cass1.deltakappa.com] => (item=system) 
skipping: [cass1.deltakappa.com] => (item=system_traces) 
skipping: [cass2.deltakappa.com] => (item=killrvideo) 
skipping: [cass2.deltakappa.com] => (item=system_auth) 
skipping: [cass2.deltakappa.com] => (item=system_distributed) 
skipping: [cass2.deltakappa.com] => (item=system) 
skipping: [cass2.deltakappa.com] => (item=system_traces) 
skipping: [cass3.deltakappa.com] => (item=killrvideo) 
skipping: [cass3.deltakappa.com] => (item=system_auth) 
skipping: [cass3.deltakappa.com] => (item=system_distributed) 
skipping: [cass3.deltakappa.com] => (item=system) 
skipping: [cass3.deltakappa.com] => (item=system_traces) 

TASK [cassandra22x_snapshot_local_archive : gz archive snapshot /var/log/cassandra/snapshot_953485c7-275c-4e97-95b4-849613929621*.* into /var/lib/cassandra/archive/snapshot_953485c7-275c-4e97-95b4-849613929621.tar.gz] ***
skipping: [cass1.deltakappa.com]
skipping: [cass2.deltakappa.com]
skipping: [cass3.deltakappa.com]

TASK [capture playbook end time] **************************************************************************************************************************************************************
ok: [cass1.deltakappa.com]
ok: [cass2.deltakappa.com]
ok: [cass3.deltakappa.com]

TASK [cassandra22x_snapshot_local_archive.yml play start and end date times] ******************************************************************************************************************
ok: [cass1.deltakappa.com] => {
    "msg": "start_date_time: 20181020-010206 & end_date_time: 20181020-010229"
}
ok: [cass2.deltakappa.com] => {
    "msg": "start_date_time: 20181020-010206 & end_date_time: 20181020-010229"
}
ok: [cass3.deltakappa.com] => {
    "msg": "start_date_time: 20181020-010206 & end_date_time: 20181020-010229"
}

PLAY RECAP ************************************************************************************************************************************************************************************
cass1.deltakappa.com       : ok=11   changed=4    unreachable=0    failed=0   
cass2.deltakappa.com       : ok=11   changed=4    unreachable=0    failed=0   
cass3.deltakappa.com       : ok=11   changed=4    unreachable=0    failed=0   

