cass2.deltakappa.com | CHANGED | rc=0 >>
Snapshot Details: 
Snapshot name       Keyspace name                Column family name           True size          Size on disk       
snapshot_953485c7-275c-4e97-95b4-849613929621system_distributed           parent_repair_history        0 bytes            65.64 KB           
snapshot_953485c7-275c-4e97-95b4-849613929621system_distributed           repair_history               0 bytes            1.97 MB            
snapshot_953485c7-275c-4e97-95b4-849613929621killrvideo                   latest_videos                0 bytes            5.78 KB            
snapshot_953485c7-275c-4e97-95b4-849613929621killrvideo                   video_event                  0 bytes            5.08 KB            
snapshot_953485c7-275c-4e97-95b4-849613929621killrvideo                   user_videos                  0 bytes            85.06 KB           
snapshot_953485c7-275c-4e97-95b4-849613929621killrvideo                   videos                       0 bytes            467.78 KB          
snapshot_953485c7-275c-4e97-95b4-849613929621killrvideo                   comments_by_user             0 bytes            50.99 MB           
snapshot_953485c7-275c-4e97-95b4-849613929621killrvideo                   video_ratings_by_user        0 bytes            3.22 MB            
snapshot_953485c7-275c-4e97-95b4-849613929621killrvideo                   tags_by_letter               0 bytes            13 bytes           
snapshot_953485c7-275c-4e97-95b4-849613929621killrvideo                   comments_by_video            0 bytes            53.17 MB           
snapshot_953485c7-275c-4e97-95b4-849613929621killrvideo                   users                        0 bytes            4 MB               
snapshot_953485c7-275c-4e97-95b4-849613929621killrvideo                   user_credentials             0 bytes            5.07 KB            
snapshot_953485c7-275c-4e97-95b4-849613929621killrvideo                   video_rating                 0 bytes            81.77 KB           
snapshot_953485c7-275c-4e97-95b4-849613929621killrvideo                   videos_by_tag                0 bytes            694.97 KB          
snapshot_953485c7-275c-4e97-95b4-849613929621system_auth                  roles                        0 bytes            4.81 KB            
snapshot_953485c7-275c-4e97-95b4-849613929621system_auth                  role_members                 0 bytes            13 bytes           
snapshot_953485c7-275c-4e97-95b4-849613929621system_auth                  resource_role_permissons_index0 bytes            13 bytes           
snapshot_953485c7-275c-4e97-95b4-849613929621system_auth                  role_permissions             0 bytes            13 bytes           
snapshot_953485c7-275c-4e97-95b4-849613929621system_traces                sessions                     0 bytes            19 KB              
snapshot_953485c7-275c-4e97-95b4-849613929621system_traces                events                       0 bytes            307.09 KB          

Total TrueDiskSpaceUsed: 0 bytes
cass3.deltakappa.com | CHANGED | rc=0 >>
Snapshot Details: 
Snapshot name       Keyspace name                Column family name           True size          Size on disk       
snapshot_953485c7-275c-4e97-95b4-849613929621system_distributed           parent_repair_history        0 bytes            65.64 KB           
snapshot_953485c7-275c-4e97-95b4-849613929621system_distributed           repair_history               0 bytes            1.97 MB            
snapshot_953485c7-275c-4e97-95b4-849613929621killrvideo                   latest_videos                0 bytes            5.78 KB            
snapshot_953485c7-275c-4e97-95b4-849613929621killrvideo                   video_event                  0 bytes            5.08 KB            
snapshot_953485c7-275c-4e97-95b4-849613929621killrvideo                   user_videos                  0 bytes            85.06 KB           
snapshot_953485c7-275c-4e97-95b4-849613929621killrvideo                   videos                       0 bytes            467.78 KB          
snapshot_953485c7-275c-4e97-95b4-849613929621killrvideo                   comments_by_user             0 bytes            53.56 MB           
snapshot_953485c7-275c-4e97-95b4-849613929621killrvideo                   video_ratings_by_user        0 bytes            2.71 MB            
snapshot_953485c7-275c-4e97-95b4-849613929621killrvideo                   tags_by_letter               0 bytes            13 bytes           
snapshot_953485c7-275c-4e97-95b4-849613929621killrvideo                   comments_by_video            0 bytes            47.01 MB           
snapshot_953485c7-275c-4e97-95b4-849613929621killrvideo                   users                        0 bytes            5.91 MB            
snapshot_953485c7-275c-4e97-95b4-849613929621killrvideo                   user_credentials             0 bytes            5.07 KB            
snapshot_953485c7-275c-4e97-95b4-849613929621killrvideo                   video_rating                 0 bytes            81.77 KB           
snapshot_953485c7-275c-4e97-95b4-849613929621killrvideo                   videos_by_tag                0 bytes            694.97 KB          
snapshot_953485c7-275c-4e97-95b4-849613929621system_auth                  roles                        0 bytes            13 bytes           
snapshot_953485c7-275c-4e97-95b4-849613929621system_auth                  role_members                 0 bytes            13 bytes           
snapshot_953485c7-275c-4e97-95b4-849613929621system_auth                  resource_role_permissons_index0 bytes            13 bytes           
snapshot_953485c7-275c-4e97-95b4-849613929621system_auth                  role_permissions             0 bytes            13 bytes           
snapshot_953485c7-275c-4e97-95b4-849613929621system_traces                sessions                     0 bytes            19.06 KB           
snapshot_953485c7-275c-4e97-95b4-849613929621system_traces                events                       0 bytes            275.11 KB          

Total TrueDiskSpaceUsed: 0 bytes
cass1.deltakappa.com | CHANGED | rc=0 >>
Snapshot Details: 
Snapshot name       Keyspace name                Column family name           True size          Size on disk       
snapshot_953485c7-275c-4e97-95b4-849613929621system_distributed           parent_repair_history        0 bytes            65.64 KB           
snapshot_953485c7-275c-4e97-95b4-849613929621system_distributed           repair_history               0 bytes            1.97 MB            
snapshot_953485c7-275c-4e97-95b4-849613929621killrvideo                   latest_videos                0 bytes            5.78 KB            
snapshot_953485c7-275c-4e97-95b4-849613929621killrvideo                   video_event                  0 bytes            5.08 KB            
snapshot_953485c7-275c-4e97-95b4-849613929621killrvideo                   user_videos                  0 bytes            85.06 KB           
snapshot_953485c7-275c-4e97-95b4-849613929621killrvideo                   videos                       0 bytes            467.78 KB          
snapshot_953485c7-275c-4e97-95b4-849613929621killrvideo                   comments_by_user             0 bytes            46.44 MB           
snapshot_953485c7-275c-4e97-95b4-849613929621killrvideo                   video_ratings_by_user        0 bytes            3.4 MB             
snapshot_953485c7-275c-4e97-95b4-849613929621killrvideo                   tags_by_letter               0 bytes            13 bytes           
snapshot_953485c7-275c-4e97-95b4-849613929621killrvideo                   comments_by_video            0 bytes            45.68 MB           
snapshot_953485c7-275c-4e97-95b4-849613929621killrvideo                   users                        0 bytes            4.54 MB            
snapshot_953485c7-275c-4e97-95b4-849613929621killrvideo                   user_credentials             0 bytes            5.07 KB            
snapshot_953485c7-275c-4e97-95b4-849613929621killrvideo                   video_rating                 0 bytes            81.77 KB           
snapshot_953485c7-275c-4e97-95b4-849613929621killrvideo                   videos_by_tag                0 bytes            694.97 KB          
snapshot_953485c7-275c-4e97-95b4-849613929621system_auth                  roles                        0 bytes            4.81 KB            
snapshot_953485c7-275c-4e97-95b4-849613929621system_auth                  role_members                 0 bytes            13 bytes           
snapshot_953485c7-275c-4e97-95b4-849613929621system_auth                  resource_role_permissons_index0 bytes            13 bytes           
snapshot_953485c7-275c-4e97-95b4-849613929621system_auth                  role_permissions             0 bytes            13 bytes           
snapshot_953485c7-275c-4e97-95b4-849613929621system_traces                sessions                     0 bytes            8.67 KB            
snapshot_953485c7-275c-4e97-95b4-849613929621system_traces                events                       0 bytes            150.93 KB          

Total TrueDiskSpaceUsed: 0 bytes
