cass2.deltakappa.com | CHANGED | rc=0 >>
/var/lib/cassandra/data/killrvideo/comments_by_user-44441930d01e11e8af9161a24d399e62/snapshots:
snapshot_953485c7-275c-4e97-95b4-849613929621

/var/lib/cassandra/data/killrvideo/comments_by_video-431fe481d01e11e88aba9fbe3aadd836/snapshots:
snapshot_953485c7-275c-4e97-95b4-849613929621

/var/lib/cassandra/data/killrvideo/latest_videos-401c1a63d01e11e8af9161a24d399e62/snapshots:
snapshot_953485c7-275c-4e97-95b4-849613929621

/var/lib/cassandra/data/killrvideo/tags_by_letter-42768523d01e11e89422bbcdcbc5c11b/snapshots:
snapshot_953485c7-275c-4e97-95b4-849613929621

/var/lib/cassandra/data/killrvideo/user_credentials-3d119983d01e11e88aba9fbe3aadd836/snapshots:
snapshot_953485c7-275c-4e97-95b4-849613929621

/var/lib/cassandra/data/killrvideo/users-3e553d13d01e11e8af9161a24d399e62/snapshots:
snapshot_953485c7-275c-4e97-95b4-849613929621

/var/lib/cassandra/data/killrvideo/user_videos-3f8383e3d01e11e88aba9fbe3aadd836/snapshots:
snapshot_953485c7-275c-4e97-95b4-849613929621

/var/lib/cassandra/data/killrvideo/video_event-44e3dba3d01e11e89422bbcdcbc5c11b/snapshots:
snapshot_953485c7-275c-4e97-95b4-849613929621

/var/lib/cassandra/data/killrvideo/video_rating-40af0b93d01e11e89422bbcdcbc5c11b/snapshots:
snapshot_953485c7-275c-4e97-95b4-849613929621

/var/lib/cassandra/data/killrvideo/video_ratings_by_user-41550f91d01e11e88aba9fbe3aadd836/snapshots:
snapshot_953485c7-275c-4e97-95b4-849613929621

/var/lib/cassandra/data/killrvideo/videos-3eedfaa3d01e11e89422bbcdcbc5c11b/snapshots:
snapshot_953485c7-275c-4e97-95b4-849613929621

/var/lib/cassandra/data/killrvideo/videos_by_tag-41e58fc0d01e11e8af9161a24d399e62/snapshots:
snapshot_953485c7-275c-4e97-95b4-849613929621
cass3.deltakappa.com | CHANGED | rc=0 >>
/var/lib/cassandra/data/killrvideo/comments_by_user-44441930d01e11e8af9161a24d399e62/snapshots:
snapshot_953485c7-275c-4e97-95b4-849613929621

/var/lib/cassandra/data/killrvideo/comments_by_video-431fe481d01e11e88aba9fbe3aadd836/snapshots:
snapshot_953485c7-275c-4e97-95b4-849613929621

/var/lib/cassandra/data/killrvideo/latest_videos-401c1a63d01e11e8af9161a24d399e62/snapshots:
snapshot_953485c7-275c-4e97-95b4-849613929621

/var/lib/cassandra/data/killrvideo/tags_by_letter-42768523d01e11e89422bbcdcbc5c11b/snapshots:
snapshot_953485c7-275c-4e97-95b4-849613929621

/var/lib/cassandra/data/killrvideo/user_credentials-3d119983d01e11e88aba9fbe3aadd836/snapshots:
snapshot_953485c7-275c-4e97-95b4-849613929621

/var/lib/cassandra/data/killrvideo/users-3e553d13d01e11e8af9161a24d399e62/snapshots:
snapshot_953485c7-275c-4e97-95b4-849613929621

/var/lib/cassandra/data/killrvideo/user_videos-3f8383e3d01e11e88aba9fbe3aadd836/snapshots:
snapshot_953485c7-275c-4e97-95b4-849613929621

/var/lib/cassandra/data/killrvideo/video_event-44e3dba3d01e11e89422bbcdcbc5c11b/snapshots:
snapshot_953485c7-275c-4e97-95b4-849613929621

/var/lib/cassandra/data/killrvideo/video_rating-40af0b93d01e11e89422bbcdcbc5c11b/snapshots:
snapshot_953485c7-275c-4e97-95b4-849613929621

/var/lib/cassandra/data/killrvideo/video_ratings_by_user-41550f91d01e11e88aba9fbe3aadd836/snapshots:
snapshot_953485c7-275c-4e97-95b4-849613929621

/var/lib/cassandra/data/killrvideo/videos-3eedfaa3d01e11e89422bbcdcbc5c11b/snapshots:
snapshot_953485c7-275c-4e97-95b4-849613929621

/var/lib/cassandra/data/killrvideo/videos_by_tag-41e58fc0d01e11e8af9161a24d399e62/snapshots:
snapshot_953485c7-275c-4e97-95b4-849613929621
cass1.deltakappa.com | CHANGED | rc=0 >>
/var/lib/cassandra/data/killrvideo/comments_by_user-44441930d01e11e8af9161a24d399e62/snapshots:
snapshot_953485c7-275c-4e97-95b4-849613929621

/var/lib/cassandra/data/killrvideo/comments_by_video-431fe481d01e11e88aba9fbe3aadd836/snapshots:
snapshot_953485c7-275c-4e97-95b4-849613929621

/var/lib/cassandra/data/killrvideo/latest_videos-401c1a63d01e11e8af9161a24d399e62/snapshots:
snapshot_953485c7-275c-4e97-95b4-849613929621

/var/lib/cassandra/data/killrvideo/tags_by_letter-42768523d01e11e89422bbcdcbc5c11b/snapshots:
snapshot_953485c7-275c-4e97-95b4-849613929621

/var/lib/cassandra/data/killrvideo/user_credentials-3d119983d01e11e88aba9fbe3aadd836/snapshots:
snapshot_953485c7-275c-4e97-95b4-849613929621

/var/lib/cassandra/data/killrvideo/users-3e553d13d01e11e8af9161a24d399e62/snapshots:
snapshot_953485c7-275c-4e97-95b4-849613929621

/var/lib/cassandra/data/killrvideo/user_videos-3f8383e3d01e11e88aba9fbe3aadd836/snapshots:
snapshot_953485c7-275c-4e97-95b4-849613929621

/var/lib/cassandra/data/killrvideo/video_event-44e3dba3d01e11e89422bbcdcbc5c11b/snapshots:
snapshot_953485c7-275c-4e97-95b4-849613929621

/var/lib/cassandra/data/killrvideo/video_rating-40af0b93d01e11e89422bbcdcbc5c11b/snapshots:
snapshot_953485c7-275c-4e97-95b4-849613929621

/var/lib/cassandra/data/killrvideo/video_ratings_by_user-41550f91d01e11e88aba9fbe3aadd836/snapshots:
snapshot_953485c7-275c-4e97-95b4-849613929621

/var/lib/cassandra/data/killrvideo/videos-3eedfaa3d01e11e89422bbcdcbc5c11b/snapshots:
snapshot_953485c7-275c-4e97-95b4-849613929621

/var/lib/cassandra/data/killrvideo/videos_by_tag-41e58fc0d01e11e8af9161a24d399e62/snapshots:
snapshot_953485c7-275c-4e97-95b4-849613929621
