cass2.deltakappa.com | CHANGED | rc=0 >>
Snapshot Details: 
Snapshot name       Keyspace name                Column family name           True size          Size on disk       
snapshot_6c1b675b-1603-4604-a954-d5a4c90e2f37system_distributed           parent_repair_history        0 bytes            130.98 KB          
snapshot_6c1b675b-1603-4604-a954-d5a4c90e2f37system_distributed           repair_history               0 bytes            3.94 MB            
snapshot_6c1b675b-1603-4604-a954-d5a4c90e2f37killrvideo                   latest_videos                0 bytes            5.78 KB            
snapshot_6c1b675b-1603-4604-a954-d5a4c90e2f37killrvideo                   video_event                  0 bytes            5.08 KB            
snapshot_6c1b675b-1603-4604-a954-d5a4c90e2f37killrvideo                   user_videos                  0 bytes            85.06 KB           
snapshot_6c1b675b-1603-4604-a954-d5a4c90e2f37killrvideo                   videos                       0 bytes            467.78 KB          
snapshot_6c1b675b-1603-4604-a954-d5a4c90e2f37killrvideo                   comments_by_user             0 bytes            50.99 MB           
snapshot_6c1b675b-1603-4604-a954-d5a4c90e2f37killrvideo                   video_ratings_by_user        0 bytes            3.22 MB            
snapshot_6c1b675b-1603-4604-a954-d5a4c90e2f37killrvideo                   tags_by_letter               0 bytes            13 bytes           
snapshot_6c1b675b-1603-4604-a954-d5a4c90e2f37killrvideo                   comments_by_video            0 bytes            53.17 MB           
snapshot_6c1b675b-1603-4604-a954-d5a4c90e2f37killrvideo                   users                        0 bytes            4 MB               
snapshot_6c1b675b-1603-4604-a954-d5a4c90e2f37killrvideo                   user_credentials             0 bytes            5.07 KB            
snapshot_6c1b675b-1603-4604-a954-d5a4c90e2f37killrvideo                   video_rating                 0 bytes            81.77 KB           
snapshot_6c1b675b-1603-4604-a954-d5a4c90e2f37killrvideo                   videos_by_tag                0 bytes            694.97 KB          
snapshot_6c1b675b-1603-4604-a954-d5a4c90e2f37system_auth                  roles                        0 bytes            4.81 KB            
snapshot_6c1b675b-1603-4604-a954-d5a4c90e2f37system_auth                  role_members                 0 bytes            13 bytes           
snapshot_6c1b675b-1603-4604-a954-d5a4c90e2f37system_auth                  resource_role_permissons_index0 bytes            13 bytes           
snapshot_6c1b675b-1603-4604-a954-d5a4c90e2f37system_auth                  role_permissions             0 bytes            13 bytes           
snapshot_6c1b675b-1603-4604-a954-d5a4c90e2f37system_traces                sessions                     0 bytes            24.27 KB           
snapshot_6c1b675b-1603-4604-a954-d5a4c90e2f37system_traces                events                       0 bytes            359.41 KB          

Total TrueDiskSpaceUsed: 0 bytes
cass3.deltakappa.com | CHANGED | rc=0 >>
Snapshot Details: 
Snapshot name       Keyspace name                Column family name           True size          Size on disk       
snapshot_6c1b675b-1603-4604-a954-d5a4c90e2f37system_distributed           parent_repair_history        0 bytes            130.98 KB          
snapshot_6c1b675b-1603-4604-a954-d5a4c90e2f37system_distributed           repair_history               0 bytes            3.81 MB            
snapshot_6c1b675b-1603-4604-a954-d5a4c90e2f37killrvideo                   latest_videos                0 bytes            5.78 KB            
snapshot_6c1b675b-1603-4604-a954-d5a4c90e2f37killrvideo                   video_event                  0 bytes            5.08 KB            
snapshot_6c1b675b-1603-4604-a954-d5a4c90e2f37killrvideo                   user_videos                  0 bytes            85.06 KB           
snapshot_6c1b675b-1603-4604-a954-d5a4c90e2f37killrvideo                   videos                       0 bytes            467.78 KB          
snapshot_6c1b675b-1603-4604-a954-d5a4c90e2f37killrvideo                   comments_by_user             0 bytes            53.56 MB           
snapshot_6c1b675b-1603-4604-a954-d5a4c90e2f37killrvideo                   video_ratings_by_user        0 bytes            2.71 MB            
snapshot_6c1b675b-1603-4604-a954-d5a4c90e2f37killrvideo                   tags_by_letter               0 bytes            13 bytes           
snapshot_6c1b675b-1603-4604-a954-d5a4c90e2f37killrvideo                   comments_by_video            0 bytes            47.01 MB           
snapshot_6c1b675b-1603-4604-a954-d5a4c90e2f37killrvideo                   users                        0 bytes            5.91 MB            
snapshot_6c1b675b-1603-4604-a954-d5a4c90e2f37killrvideo                   user_credentials             0 bytes            5.07 KB            
snapshot_6c1b675b-1603-4604-a954-d5a4c90e2f37killrvideo                   video_rating                 0 bytes            81.77 KB           
snapshot_6c1b675b-1603-4604-a954-d5a4c90e2f37killrvideo                   videos_by_tag                0 bytes            694.97 KB          
snapshot_6c1b675b-1603-4604-a954-d5a4c90e2f37system_auth                  roles                        0 bytes            13 bytes           
snapshot_6c1b675b-1603-4604-a954-d5a4c90e2f37system_auth                  role_members                 0 bytes            13 bytes           
snapshot_6c1b675b-1603-4604-a954-d5a4c90e2f37system_auth                  resource_role_permissons_index0 bytes            13 bytes           
snapshot_6c1b675b-1603-4604-a954-d5a4c90e2f37system_auth                  role_permissions             0 bytes            13 bytes           
snapshot_6c1b675b-1603-4604-a954-d5a4c90e2f37system_traces                sessions                     0 bytes            24.11 KB           
snapshot_6c1b675b-1603-4604-a954-d5a4c90e2f37system_traces                events                       0 bytes            356.73 KB          

Total TrueDiskSpaceUsed: 0 bytes
cass1.deltakappa.com | CHANGED | rc=0 >>
Snapshot Details: 
Snapshot name       Keyspace name                Column family name           True size          Size on disk       
snapshot_6c1b675b-1603-4604-a954-d5a4c90e2f37system_distributed           parent_repair_history        0 bytes            130.98 KB          
snapshot_6c1b675b-1603-4604-a954-d5a4c90e2f37system_distributed           repair_history               0 bytes            3.94 MB            
snapshot_6c1b675b-1603-4604-a954-d5a4c90e2f37killrvideo                   latest_videos                0 bytes            5.78 KB            
snapshot_6c1b675b-1603-4604-a954-d5a4c90e2f37killrvideo                   video_event                  0 bytes            5.08 KB            
snapshot_6c1b675b-1603-4604-a954-d5a4c90e2f37killrvideo                   user_videos                  0 bytes            85.06 KB           
snapshot_6c1b675b-1603-4604-a954-d5a4c90e2f37killrvideo                   videos                       0 bytes            467.78 KB          
snapshot_6c1b675b-1603-4604-a954-d5a4c90e2f37killrvideo                   comments_by_user             0 bytes            46.44 MB           
snapshot_6c1b675b-1603-4604-a954-d5a4c90e2f37killrvideo                   video_ratings_by_user        0 bytes            3.4 MB             
snapshot_6c1b675b-1603-4604-a954-d5a4c90e2f37killrvideo                   tags_by_letter               0 bytes            13 bytes           
snapshot_6c1b675b-1603-4604-a954-d5a4c90e2f37killrvideo                   comments_by_video            0 bytes            45.68 MB           
snapshot_6c1b675b-1603-4604-a954-d5a4c90e2f37killrvideo                   users                        0 bytes            4.54 MB            
snapshot_6c1b675b-1603-4604-a954-d5a4c90e2f37killrvideo                   user_credentials             0 bytes            5.07 KB            
snapshot_6c1b675b-1603-4604-a954-d5a4c90e2f37killrvideo                   video_rating                 0 bytes            81.77 KB           
snapshot_6c1b675b-1603-4604-a954-d5a4c90e2f37killrvideo                   videos_by_tag                0 bytes            694.97 KB          
snapshot_6c1b675b-1603-4604-a954-d5a4c90e2f37system_auth                  roles                        0 bytes            4.81 KB            
snapshot_6c1b675b-1603-4604-a954-d5a4c90e2f37system_auth                  role_members                 0 bytes            13 bytes           
snapshot_6c1b675b-1603-4604-a954-d5a4c90e2f37system_auth                  resource_role_permissons_index0 bytes            13 bytes           
snapshot_6c1b675b-1603-4604-a954-d5a4c90e2f37system_auth                  role_permissions             0 bytes            13 bytes           
snapshot_6c1b675b-1603-4604-a954-d5a4c90e2f37system_traces                sessions                     0 bytes            14.11 KB           
snapshot_6c1b675b-1603-4604-a954-d5a4c90e2f37system_traces                events                       0 bytes            280.29 KB          

Total TrueDiskSpaceUsed: 0 bytes
