
PLAY [cluster22] **********************************************************************************************************************************************************************************************************************************************************************************************

TASK [find snapshot_ymls /etc/ansible/roles/cassandra22x_restore/vars/cluster22/cass1.deltakappa.com] *********************************************************************************************************************************************************************************************************
ok: [cass3.deltakappa.com -> 127.0.0.1]
ok: [cass1.deltakappa.com -> 127.0.0.1]
ok: [cass2.deltakappa.com -> 127.0.0.1]

TASK [build the list of snapshot_ymls per cassandra node] *****************************************************************************************************************************************************************************************************************************************************
ok: [cass1.deltakappa.com] => (item=None)
ok: [cass1.deltakappa.com]
ok: [cass2.deltakappa.com] => (item=None)
ok: [cass2.deltakappa.com]
ok: [cass3.deltakappa.com] => (item=None)
ok: [cass3.deltakappa.com]

TASK [build the list of snapshot_yml_mtime_list per cassandra node] *******************************************************************************************************************************************************************************************************************************************
ok: [cass1.deltakappa.com] => (item=None)
ok: [cass1.deltakappa.com]
ok: [cass2.deltakappa.com] => (item=None)
ok: [cass2.deltakappa.com]
ok: [cass3.deltakappa.com] => (item=None)
ok: [cass3.deltakappa.com]

TASK [show snapshot_yml_list per cassandra node] **************************************************************************************************************************************************************************************************************************************************************
ok: [cass1.deltakappa.com] => {
    "msg": [
        "/etc/ansible/roles/cassandra22x_restore/vars/cluster22/cass1.deltakappa.com/snapshot_6c1b675b-1603-4604-a954-d5a4c90e2f37.yml"
    ]
}
ok: [cass2.deltakappa.com] => {
    "msg": [
        "/etc/ansible/roles/cassandra22x_restore/vars/cluster22/cass2.deltakappa.com/snapshot_6c1b675b-1603-4604-a954-d5a4c90e2f37.yml"
    ]
}
ok: [cass3.deltakappa.com] => {
    "msg": [
        "/etc/ansible/roles/cassandra22x_restore/vars/cluster22/cass3.deltakappa.com/snapshot_6c1b675b-1603-4604-a954-d5a4c90e2f37.yml"
    ]
}

TASK [show snapshot_yml_mtime_list per cassandra node] ********************************************************************************************************************************************************************************************************************************************************
ok: [cass2.deltakappa.com] => {
    "msg": [
        "1540083176.84"
    ]
}
ok: [cass1.deltakappa.com] => {
    "msg": [
        "1540083739.37"
    ]
}
ok: [cass3.deltakappa.com] => {
    "msg": [
        "1540083177.66"
    ]
}

PLAY RECAP ****************************************************************************************************************************************************************************************************************************************************************************************************
cass1.deltakappa.com       : ok=5    changed=0    unreachable=0    failed=0   
cass2.deltakappa.com       : ok=5    changed=0    unreachable=0    failed=0   
cass3.deltakappa.com       : ok=5    changed=0    unreachable=0    failed=0   

