
PLAY [cluster22] **********************************************************************************************************************************************************************************************************************************************************************************************

TASK [find snapshot_6c1b675b-1603-4604-a954-d5a4c90e2f37.yml in /etc/ansible/roles/cassandra22x_restore/vars/cluster22/cass1.deltakappa.com] ******************************************************************************************************************************************************************
ok: [cass2.deltakappa.com -> 127.0.0.1]
ok: [cass1.deltakappa.com -> 127.0.0.1]
ok: [cass3.deltakappa.com -> 127.0.0.1]

TASK [build list of snapshot_yml(s)] **************************************************************************************************************************************************************************************************************************************************************************
ok: [cass1.deltakappa.com -> 127.0.0.1] => (item=None)
ok: [cass1.deltakappa.com]
ok: [cass2.deltakappa.com -> 127.0.0.1] => (item=None)
ok: [cass2.deltakappa.com]
ok: [cass3.deltakappa.com -> 127.0.0.1] => (item=None)
ok: [cass3.deltakappa.com]

TASK [show keyspaces in snapshot snapshot_6c1b675b-1603-4604-a954-d5a4c90e2f37] *******************************************************************************************************************************************************************************************************************************
ok: [cass1.deltakappa.com -> 127.0.0.1] => {
    "msg": [
        "killrvideo", 
        "system_auth", 
        "system_distributed", 
        "system", 
        "system_traces"
    ]
}
ok: [cass2.deltakappa.com -> 127.0.0.1] => {
    "msg": [
        "killrvideo", 
        "system_auth", 
        "system_distributed", 
        "system", 
        "system_traces"
    ]
}
ok: [cass3.deltakappa.com -> 127.0.0.1] => {
    "msg": [
        "killrvideo", 
        "system_auth", 
        "system_distributed", 
        "system", 
        "system_traces"
    ]
}

PLAY RECAP ****************************************************************************************************************************************************************************************************************************************************************************************************
cass1.deltakappa.com       : ok=3    changed=0    unreachable=0    failed=0   
cass2.deltakappa.com       : ok=3    changed=0    unreachable=0    failed=0   
cass3.deltakappa.com       : ok=3    changed=0    unreachable=0    failed=0   

