
PLAY [cluster22] *************************************************************************************************************************************************************************************************************************************************************

TASK [find snapshot_ymls /etc/ansible/roles/cassandra22x_restore/vars/cluster22/cass1.deltakappa.com] ************************************************************************************************************************************************************************
ok: [cass2.deltakappa.com -> 127.0.0.1]
ok: [cass1.deltakappa.com -> 127.0.0.1]
ok: [cass3.deltakappa.com -> 127.0.0.1]

TASK [build the list of snapshot_ymls per cassandra node] ********************************************************************************************************************************************************************************************************************
ok: [cass1.deltakappa.com] => (item=None)
ok: [cass1.deltakappa.com]
ok: [cass2.deltakappa.com] => (item=None)
ok: [cass2.deltakappa.com]
ok: [cass3.deltakappa.com] => (item=None)
ok: [cass3.deltakappa.com]

TASK [build the list of snapshot_yml_mtime_list per cassandra node] **********************************************************************************************************************************************************************************************************
ok: [cass1.deltakappa.com] => (item=None)
ok: [cass1.deltakappa.com]
ok: [cass2.deltakappa.com] => (item=None)
ok: [cass2.deltakappa.com]
ok: [cass3.deltakappa.com] => (item=None)
ok: [cass3.deltakappa.com]

TASK [show snapshot_yml_list per cassandra node] *****************************************************************************************************************************************************************************************************************************
ok: [cass1.deltakappa.com] => {
    "msg": [
        "/etc/ansible/roles/cassandra22x_restore/vars/cluster22/cass1.deltakappa.com/snapshot_f1781968-a8fd-4656-ab4d-7b6ed14d4162.yml"
    ]
}
ok: [cass2.deltakappa.com] => {
    "msg": [
        "/etc/ansible/roles/cassandra22x_restore/vars/cluster22/cass2.deltakappa.com/snapshot_f1781968-a8fd-4656-ab4d-7b6ed14d4162.yml"
    ]
}
ok: [cass3.deltakappa.com] => {
    "msg": [
        "/etc/ansible/roles/cassandra22x_restore/vars/cluster22/cass3.deltakappa.com/snapshot_f1781968-a8fd-4656-ab4d-7b6ed14d4162.yml"
    ]
}

TASK [show snapshot_yml_mtime_list per cassandra node] ***********************************************************************************************************************************************************************************************************************
ok: [cass1.deltakappa.com] => {
    "msg": [
        "1540153008.27"
    ]
}
ok: [cass2.deltakappa.com] => {
    "msg": [
        "1540153008.27"
    ]
}
ok: [cass3.deltakappa.com] => {
    "msg": [
        "1540153008.75"
    ]
}

PLAY RECAP *******************************************************************************************************************************************************************************************************************************************************************
cass1.deltakappa.com       : ok=5    changed=0    unreachable=0    failed=0   
cass2.deltakappa.com       : ok=5    changed=0    unreachable=0    failed=0   
cass3.deltakappa.com       : ok=5    changed=0    unreachable=0    failed=0   

