
PLAY [cluster22] *************************************************************************************************************************************************************************************************************************************************************

TASK [capture playbook start time] *******************************************************************************************************************************************************************************************************************************************
ok: [cass1.deltakappa.com]

TASK [cassandra22x_operate_repair_full_partitioner-range_by_keyspace : nodetool repair --partitioner-range for the keyspace: killrvideo] *************************************************************************************************************************************
changed: [cass1.deltakappa.com]

TASK [capture playbook end time] *********************************************************************************************************************************************************************************************************************************************
ok: [cass1.deltakappa.com]

TASK [cassandra22x_operate_repair_full_partitioner-range_by_keyspace.yml play start and end date times] **********************************************************************************************************************************************************************
ok: [cass1.deltakappa.com] => {
    "msg": "start_date_time: 20181021-143858 & end_date_time: 20181021-143939"
}

PLAY [cluster22] *************************************************************************************************************************************************************************************************************************************************************

TASK [capture playbook start time] *******************************************************************************************************************************************************************************************************************************************
ok: [cass2.deltakappa.com]

TASK [cassandra22x_operate_repair_full_partitioner-range_by_keyspace : nodetool repair --partitioner-range for the keyspace: killrvideo] *************************************************************************************************************************************
changed: [cass2.deltakappa.com]

TASK [capture playbook end time] *********************************************************************************************************************************************************************************************************************************************
ok: [cass2.deltakappa.com]

TASK [cassandra22x_operate_repair_full_partitioner-range_by_keyspace.yml play start and end date times] **********************************************************************************************************************************************************************
ok: [cass2.deltakappa.com] => {
    "msg": "start_date_time: 20181021-143939 & end_date_time: 20181021-144011"
}

PLAY [cluster22] *************************************************************************************************************************************************************************************************************************************************************

TASK [capture playbook start time] *******************************************************************************************************************************************************************************************************************************************
ok: [cass3.deltakappa.com]

TASK [cassandra22x_operate_repair_full_partitioner-range_by_keyspace : nodetool repair --partitioner-range for the keyspace: killrvideo] *************************************************************************************************************************************
changed: [cass3.deltakappa.com]

TASK [capture playbook end time] *********************************************************************************************************************************************************************************************************************************************
ok: [cass3.deltakappa.com]

TASK [cassandra22x_operate_repair_full_partitioner-range_by_keyspace.yml play start and end date times] **********************************************************************************************************************************************************************
ok: [cass3.deltakappa.com] => {
    "msg": "start_date_time: 20181021-144011 & end_date_time: 20181021-144045"
}

PLAY RECAP *******************************************************************************************************************************************************************************************************************************************************************
cass1.deltakappa.com       : ok=4    changed=1    unreachable=0    failed=0   
cass2.deltakappa.com       : ok=4    changed=1    unreachable=0    failed=0   
cass3.deltakappa.com       : ok=4    changed=1    unreachable=0    failed=0   

