[2018-10-21 14:40:05,355] Starting repair command #1, repairing keyspace killrvideo with repair options (parallelism: parallel, primary range: true, incremental: false, job threads: 1, ColumnFamilies: [], dataCenters: [], hosts: [], # of ranges: 256)
[2018-10-21 14:40:06,305] Repair session 7e1164d0-d571-11e8-928d-dfac706d8306 for range (-8014105512991755533,-8012896668314152630] finished (progress: 1%)
[2018-10-21 14:40:06,646] Repair session 7e173130-d571-11e8-928d-dfac706d8306 for range (9147496534503902594,9153388750493907990] finished (progress: 2%)
[2018-10-21 14:40:07,048] Repair session 7e1ed250-d571-11e8-928d-dfac706d8306 for range (1773952438234267853,1797264379985002414] finished (progress: 2%)
[2018-10-21 14:40:07,399] Repair session 7e270fb0-d571-11e8-928d-dfac706d8306 for range (3691705555412167165,3717389810612728647] finished (progress: 3%)
[2018-10-21 14:40:07,758] Repair session 7e2dc670-d571-11e8-928d-dfac706d8306 for range (3641489471401894095,3646919048285611674] finished (progress: 3%)
[2018-10-21 14:40:08,049] Repair session 7e33b9e0-d571-11e8-928d-dfac706d8306 for range (6621337608196578675,6629839655573999438] finished (progress: 3%)
[2018-10-21 14:40:08,486] Repair session 7e3c4560-d571-11e8-928d-dfac706d8306 for range (5624522982995554187,5648653247755396105] finished (progress: 4%)
[2018-10-21 14:40:08,865] Repair session 7e408b21-d571-11e8-928d-dfac706d8306 for range (5969113195632677097,5976565274199708482] finished (progress: 4%)
[2018-10-21 14:40:09,256] Repair session 7e460960-d571-11e8-928d-dfac706d8306 for range (-8894378067213105819,-8870941316135613900] finished (progress: 5%)
[2018-10-21 14:40:09,616] Repair session 7e4a4f20-d571-11e8-928d-dfac706d8306 for range (3143797504396291699,3176097410168170120] finished (progress: 5%)
[2018-10-21 14:40:09,986] Repair session 7e501b80-d571-11e8-928d-dfac706d8306 for range (-5266837264927963049,-5212580716815156073] finished (progress: 5%)
[2018-10-21 14:40:10,392] Repair session 7e5858e0-d571-11e8-928d-dfac706d8306 for range (-8253170869700942185,-8196939760364842106] finished (progress: 6%)
[2018-10-21 14:40:10,820] Repair session 7e5b1800-d571-11e8-928d-dfac706d8306 for range (-7953975575069121675,-7937926279574540778] finished (progress: 6%)
[2018-10-21 14:40:11,181] Repair session 7e610b71-d571-11e8-928d-dfac706d8306 for range (-3216431266994985629,-3205839313444083785] finished (progress: 6%)
[2018-10-21 14:40:11,683] Repair session 7e650311-d571-11e8-928d-dfac706d8306 for range (-2739493043994409496,-2687494520589489152] finished (progress: 7%)
[2018-10-21 14:40:11,804] Repair session 7e6a8150-d571-11e8-928d-dfac706d8306 for range (6815222331278435544,6821428217140725509] finished (progress: 7%)
[2018-10-21 14:40:11,889] Repair session 7e6fff90-d571-11e8-928d-dfac706d8306 for range (698218070483579898,709274027415294356] finished (progress: 8%)
[2018-10-21 14:40:12,013] Repair session 7e77a0b1-d571-11e8-928d-dfac706d8306 for range (-8723288406856823131,-8694266010644904876] finished (progress: 8%)
[2018-10-21 14:40:12,155] Repair session 7e7fb700-d571-11e8-928d-dfac706d8306 for range (-6962870369346242090,-6936956957017991395] finished (progress: 8%)
[2018-10-21 14:40:12,238] Repair session 7e844ae0-d571-11e8-928d-dfac706d8306 for range (-5567006483257864345,-5535915281221407634] finished (progress: 9%)
[2018-10-21 14:40:12,314] Repair session 7e89f030-d571-11e8-928d-dfac706d8306 for range (-2200684387415858062,-2165507003465302511] finished (progress: 9%)
[2018-10-21 14:40:12,402] Repair session 7e8ef940-d571-11e8-928d-dfac706d8306 for range (-6800823689173259308,-6775056749279711790] finished (progress: 10%)
[2018-10-21 14:40:12,470] Repair session 7e969a60-d571-11e8-928d-dfac706d8306 for range (-7858298819479746111,-7850162430378318794] finished (progress: 10%)
[2018-10-21 14:40:12,526] Repair session 7e98e450-d571-11e8-928d-dfac706d8306 for range (-4599124018006272864,-4593707942833194607] finished (progress: 10%)
[2018-10-21 14:40:12,664] Repair session 7e9cdbf0-d571-11e8-928d-dfac706d8306 for range (402679081770577641,472614659415624118] finished (progress: 11%)
[2018-10-21 14:40:12,774] Repair session 7ea20c11-d571-11e8-928d-dfac706d8306 for range (1927073507215623982,1957134721998737407] finished (progress: 11%)
[2018-10-21 14:40:12,852] Repair session 7ea5b590-d571-11e8-928d-dfac706d8306 for range (-7041427631074930068,-7041141574269284959] finished (progress: 11%)
[2018-10-21 14:40:13,023] Repair session 7ea9fb50-d571-11e8-928d-dfac706d8306 for range (-1032046719701331646,-992839601047475422] finished (progress: 12%)
[2018-10-21 14:40:13,189] Repair session 7eb545f0-d571-11e8-928d-dfac706d8306 for range (4350415434125196565,4363534329884684846] finished (progress: 12%)
[2018-10-21 14:40:13,380] Repair session 7eba00e1-d571-11e8-928d-dfac706d8306 for range (-4573011826386016398,-4464429572295533278] finished (progress: 13%)
[2018-10-21 14:40:13,538] Repair session 7ebe94c1-d571-11e8-928d-dfac706d8306 for range (-7721225077598854569,-7684226957484526986] finished (progress: 13%)
[2018-10-21 14:40:13,772] Repair session 7ec04271-d571-11e8-928d-dfac706d8306 for range (-7027603931644773014,-6968545914986501722] finished (progress: 13%)
[2018-10-21 14:40:13,900] Repair session 7ec3c4e1-d571-11e8-928d-dfac706d8306 for range (-8616410146986276409,-8603817750559543476] finished (progress: 14%)
[2018-10-21 14:40:14,031] Repair session 7ec4fd61-d571-11e8-928d-dfac706d8306 for range (3751385019613394324,3882236217215104868] finished (progress: 14%)
[2018-10-21 14:40:14,123] Repair session 7ec831b1-d571-11e8-928d-dfac706d8306 for range (-1407276256779435059,-1360015938670598790] finished (progress: 15%)
[2018-10-21 14:40:14,197] Repair session 7ec99141-d571-11e8-928d-dfac706d8306 for range (494443864103395433,522474784016070477] finished (progress: 15%)
[2018-10-21 14:40:14,338] Repair session 7ed243d0-d571-11e8-928d-dfac706d8306 for range (4363534329884684846,4410428530919883882] finished (progress: 15%)
[2018-10-21 14:40:14,406] Repair session 7ed43fa0-d571-11e8-928d-dfac706d8306 for range (-5147526465991591805,-5126595956200733296] finished (progress: 16%)
[2018-10-21 14:40:14,472] Repair session 7ed7c210-d571-11e8-928d-dfac706d8306 for range (8196701287228396474,8217489930263485617] finished (progress: 16%)
[2018-10-21 14:40:14,554] Repair session 7edbb9b0-d571-11e8-928d-dfac706d8306 for range (-5361352682347112651,-5360084027096447986] finished (progress: 16%)
[2018-10-21 14:40:14,650] Repair session 7ede9fe1-d571-11e8-928d-dfac706d8306 for range (-668559999362407324,-654250977245553163] finished (progress: 17%)
[2018-10-21 14:40:14,717] Repair session 7ee29780-d571-11e8-928d-dfac706d8306 for range (3596068109953228635,3598277671774605773] finished (progress: 17%)
[2018-10-21 14:40:14,877] Repair session 7ee44531-d571-11e8-928d-dfac706d8306 for range (-8372603699695916995,-8355770167702888589] finished (progress: 18%)
[2018-10-21 14:40:15,012] Repair session 7ee815c1-d571-11e8-928d-dfac706d8306 for range (8006122035758843763,8009439150210857132] finished (progress: 18%)
[2018-10-21 14:40:15,094] Repair session 7eebe650-d571-11e8-928d-dfac706d8306 for range (-5202676025906429012,-5179290115437219263] finished (progress: 18%)
[2018-10-21 14:40:15,218] Repair session 7ef18ba0-d571-11e8-928d-dfac706d8306 for range (7149626357090172078,7157074267345757981] finished (progress: 19%)
[2018-10-21 14:40:15,315] Repair session 7ef58340-d571-11e8-928d-dfac706d8306 for range (-8135406906673341069,-8119994376097074727] finished (progress: 19%)
[2018-10-21 14:40:15,409] Repair session 7ef75801-d571-11e8-928d-dfac706d8306 for range (-3336199329802664063,-3313171635022481019] finished (progress: 20%)
[2018-10-21 14:40:15,567] Repair session 7efbc4d0-d571-11e8-928d-dfac706d8306 for range (6937604062298388082,6953497180475869864] finished (progress: 20%)
[2018-10-21 14:40:15,637] Repair session 7efd4b70-d571-11e8-928d-dfac706d8306 for range (1111040544058974521,1143267084839199625] finished (progress: 20%)
[2018-10-21 14:40:15,695] Repair session 7f02c9b0-d571-11e8-928d-dfac706d8306 for range (6307306651537600494,6310134689679543437] finished (progress: 21%)
[2018-10-21 14:40:15,833] Repair session 7f047760-d571-11e8-928d-dfac706d8306 for range (-5732765690147472077,-5714967052787223917] finished (progress: 21%)
[2018-10-21 14:40:15,897] Repair session 7f0a6ad1-d571-11e8-928d-dfac706d8306 for range (2430565014471276301,2439908811891157566] finished (progress: 21%)
[2018-10-21 14:40:15,996] Repair session 7f0c1880-d571-11e8-928d-dfac706d8306 for range (-7356727939073557169,-7356048375188652043] finished (progress: 22%)
[2018-10-21 14:40:16,095] Repair session 7f0fe910-d571-11e8-928d-dfac706d8306 for range (-5535915281221407634,-5486973004527634334] finished (progress: 22%)
[2018-10-21 14:40:16,195] Repair session 7f1455e1-d571-11e8-928d-dfac706d8306 for range (7934731225152808133,7945568853345981898] finished (progress: 23%)
[2018-10-21 14:40:16,304] Repair session 7f16edf0-d571-11e8-928d-dfac706d8306 for range (5455909010283925458,5461124253830072285] finished (progress: 23%)
[2018-10-21 14:40:16,380] Repair session 7f1a7061-d571-11e8-928d-dfac706d8306 for range (-8440468871697983947,-8426368133383663231] finished (progress: 23%)
[2018-10-21 14:40:16,453] Repair session 7f1eb620-d571-11e8-928d-dfac706d8306 for range (-6652196037773315659,-6626879993719810844] finished (progress: 24%)
[2018-10-21 14:40:16,523] Repair session 7f237111-d571-11e8-928d-dfac706d8306 for range (1692783822198137632,1701463043360530415] finished (progress: 24%)
[2018-10-21 14:40:16,595] Repair session 7f29b2a0-d571-11e8-928d-dfac706d8306 for range (-5126595956200733296,-5110142837074461578] finished (progress: 25%)
[2018-10-21 14:40:16,693] Repair session 7f2ce6f1-d571-11e8-928d-dfac706d8306 for range (-3892015767929562272,-3866687672512608186] finished (progress: 25%)
[2018-10-21 14:40:16,756] Repair session 7f2ee2c0-d571-11e8-928d-dfac706d8306 for range (4102614982730073900,4148106033386611800] finished (progress: 25%)
[2018-10-21 14:40:16,822] Repair session 7f326530-d571-11e8-928d-dfac706d8306 for range (-5439702089628992373,-5393360546670391484] finished (progress: 26%)
[2018-10-21 14:40:16,905] Repair session 7f3412e0-d571-11e8-928d-dfac706d8306 for range (2333157529417415120,2363850127518039867] finished (progress: 26%)
[2018-10-21 14:40:16,997] Repair session 7f37e371-d571-11e8-928d-dfac706d8306 for range (7220034876225619591,7273335899703709594] finished (progress: 26%)
[2018-10-21 14:40:17,068] Repair session 7f39b830-d571-11e8-928d-dfac706d8306 for range (363033934755649688,368937290561487524] finished (progress: 27%)
[2018-10-21 14:40:17,120] Repair session 7f4047e1-d571-11e8-928d-dfac706d8306 for range (6054503525204083444,6067062646164724902] finished (progress: 27%)
[2018-10-21 14:40:17,206] Repair session 7f41ce80-d571-11e8-928d-dfac706d8306 for range (6171274518721279386,6203163798538984325] finished (progress: 28%)
[2018-10-21 14:40:17,278] Repair session 7f4529e0-d571-11e8-928d-dfac706d8306 for range (-5056684523353839859,-5041756542380339723] finished (progress: 28%)
[2018-10-21 14:40:17,343] Repair session 7f468970-d571-11e8-928d-dfac706d8306 for range (260801006333862983,274478692698548090] finished (progress: 28%)
[2018-10-21 14:40:17,415] Repair session 7f49e4d0-d571-11e8-928d-dfac706d8306 for range (2439908811891157566,2488740138336352063] finished (progress: 29%)
[2018-10-21 14:40:17,466] Repair session 7f4b4461-d571-11e8-928d-dfac706d8306 for range (-5574603870336551302,-5567006483257864345] finished (progress: 29%)
[2018-10-21 14:40:17,516] Repair session 7f4c55d1-d571-11e8-928d-dfac706d8306 for range (-5808655457173114057,-5807722640626268852] finished (progress: 30%)
[2018-10-21 14:40:17,589] Repair session 7f51ad01-d571-11e8-928d-dfac706d8306 for range (4955221607828014847,4960738045916220756] finished (progress: 30%)
[2018-10-21 14:40:17,636] Repair session 7f570431-d571-11e8-928d-dfac706d8306 for range (-6427675865378880453,-6418886573499902290] finished (progress: 30%)
[2018-10-21 14:40:17,718] Repair session 7f592710-d571-11e8-928d-dfac706d8306 for range (-3235219926780421196,-3222207924079651568] finished (progress: 31%)
[2018-10-21 14:40:17,769] Repair session 7f5f4190-d571-11e8-928d-dfac706d8306 for range (-9084183498643859027,-9076062594014563982] finished (progress: 31%)
[2018-10-21 14:40:17,829] Repair session 7f64e6e1-d571-11e8-928d-dfac706d8306 for range (-6577055532505695925,-6553783923659152824] finished (progress: 31%)
[2018-10-21 14:40:17,896] Repair session 7f6a8c30-d571-11e8-928d-dfac706d8306 for range (-4798038512971757375,-4790698277627855185] finished (progress: 32%)
[2018-10-21 14:40:17,958] Repair session 7f6dc080-d571-11e8-928d-dfac706d8306 for range (-682824101768530884,-674969364617666899] finished (progress: 32%)
[2018-10-21 14:40:18,023] Repair session 7f6fbc50-d571-11e8-928d-dfac706d8306 for range (3253560492666089477,3290388342958052657] finished (progress: 33%)
[2018-10-21 14:40:18,088] Repair session 7f72f0a1-d571-11e8-928d-dfac706d8306 for range (1091836254885693019,1111040544058974521] finished (progress: 33%)
[2018-10-21 14:40:18,165] Repair session 7f751381-d571-11e8-928d-dfac706d8306 for range (-5212580716815156073,-5202676025906429012] finished (progress: 33%)
[2018-10-21 14:40:18,273] Repair session 7f786ee0-d571-11e8-928d-dfac706d8306 for range (7012588125146103527,7029195412124693196] finished (progress: 34%)
[2018-10-21 14:40:18,384] Repair session 7f8407a0-d571-11e8-928d-dfac706d8306 for range (-1210853127859547277,-1198840929585001926] finished (progress: 34%)
[2018-10-21 14:40:18,521] Repair session 7f8910b0-d571-11e8-928d-dfac706d8306 for range (-8694266010644904876,-8616410146986276409] finished (progress: 35%)
[2018-10-21 14:40:18,659] Repair session 7f8df2b0-d571-11e8-928d-dfac706d8306 for range (522474784016070477,526553044075187713] finished (progress: 35%)
[2018-10-21 14:40:18,737] Repair session 7f9063b0-d571-11e8-928d-dfac706d8306 for range (-2249085321813990763,-2200684387415858062] finished (progress: 35%)
[2018-10-21 14:40:18,809] Repair session 7f940d30-d571-11e8-928d-dfac706d8306 for range (-7459539987383729934,-7356727939073557169] finished (progress: 36%)
[2018-10-21 14:40:18,867] Repair session 7f956cc0-d571-11e8-928d-dfac706d8306 for range (-6507159624281692626,-6501592814035853577] finished (progress: 36%)
[2018-10-21 14:40:18,954] Repair session 7f98a110-d571-11e8-928d-dfac706d8306 for range (-1801559354669765721,-1773529562195902609] finished (progress: 36%)
[2018-10-21 14:40:19,049] Repair session 7f9ac3f0-d571-11e8-928d-dfac706d8306 for range (-1268990289460062548,-1255906857540175017] finished (progress: 37%)
[2018-10-21 14:40:19,116] Repair session 7f9e6d70-d571-11e8-928d-dfac706d8306 for range (6120451800967787568,6150369105928520581] finished (progress: 37%)
[2018-10-21 14:40:19,202] Repair session 7fa34f71-d571-11e8-928d-dfac706d8306 for range (-3904769071727005658,-3898374471196494204] finished (progress: 38%)
[2018-10-21 14:40:19,311] Repair session 7fa683c1-d571-11e8-928d-dfac706d8306 for range (-16220327722756910,26998084666581088] finished (progress: 38%)
[2018-10-21 14:40:19,395] Repair session 7fa80a61-d571-11e8-928d-dfac706d8306 for range (-3688105180134400053,-3662134720372428172] finished (progress: 38%)
[2018-10-21 14:40:19,547] Repair session 7fab65c0-d571-11e8-928d-dfac706d8306 for range (4636745617176756875,4737648629094714919] finished (progress: 39%)
[2018-10-21 14:40:19,645] Repair session 7fae9a12-d571-11e8-928d-dfac706d8306 for range (-5993629790622840351,-5971175652555812838] finished (progress: 39%)
[2018-10-21 14:40:19,741] Repair session 7fb1f571-d571-11e8-928d-dfac706d8306 for range (2761439380548901773,2799877321606652160] finished (progress: 40%)
[2018-10-21 14:40:19,806] Repair session 7fb46670-d571-11e8-928d-dfac706d8306 for range (3016473061732757459,3023850828149338747] finished (progress: 40%)
[2018-10-21 14:40:19,891] Repair session 7fb80ff0-d571-11e8-928d-dfac706d8306 for range (3662066088166000774,3691705555412167165] finished (progress: 40%)
[2018-10-21 14:40:19,975] Repair session 7fba80f0-d571-11e8-928d-dfac706d8306 for range (4589649103164181515,4598924333315273966] finished (progress: 41%)
[2018-10-21 14:40:20,131] Repair session 7fbdb540-d571-11e8-928d-dfac706d8306 for range (7921324422972027053,7934731225152808133] finished (progress: 41%)
[2018-10-21 14:40:20,290] Repair session 7fc3cfc0-d571-11e8-928d-dfac706d8306 for range (-2382571077994296429,-2350601514647004574] finished (progress: 41%)
[2018-10-21 14:40:20,342] Repair session 7fc8ffe1-d571-11e8-928d-dfac706d8306 for range (934259669296681123,941856440059773237] finished (progress: 42%)
[2018-10-21 14:40:20,401] Repair session 7fcd45a0-d571-11e8-928d-dfac706d8306 for range (-6392845991223636249,-6389034714841752875] finished (progress: 42%)
[2018-10-21 14:40:20,457] Repair session 7fcf4170-d571-11e8-928d-dfac706d8306 for range (8003022666588613647,8006122035758843763] finished (progress: 43%)
[2018-10-21 14:40:20,540] Repair session 7fd31200-d571-11e8-928d-dfac706d8306 for range (-3847821095748273520,-3791488851696703595] finished (progress: 43%)
[2018-10-21 14:40:20,596] Repair session 7fd4bfb0-d571-11e8-928d-dfac706d8306 for range (5976565274199708482,5986244485495139173] finished (progress: 43%)
[2018-10-21 14:40:20,683] Repair session 7fd89040-d571-11e8-928d-dfac706d8306 for range (4990558348893366799,5034500631029582641] finished (progress: 44%)
[2018-10-21 14:40:20,841] Repair session 7fdc39c0-d571-11e8-928d-dfac706d8306 for range (-780247662499233622,-739003726446298389] finished (progress: 44%)
[2018-10-21 14:40:21,025] Repair session 7fdf6e10-d571-11e8-928d-dfac706d8306 for range (3408068860726650759,3425920925069742116] finished (progress: 45%)
[2018-10-21 14:40:21,173] Repair session 7fe38cc0-d571-11e8-928d-dfac706d8306 for range (-4668184271520463607,-4662018863062127776] finished (progress: 45%)
[2018-10-21 14:40:21,332] Repair session 7fe56180-d571-11e8-928d-dfac706d8306 for range (1339926736452424491,1369087335839071125] finished (progress: 45%)
[2018-10-21 14:40:21,495] Repair session 7fe8bce0-d571-11e8-928d-dfac706d8306 for range (8249682458241957384,8296765444508367899] finished (progress: 46%)
[2018-10-21 14:40:21,661] Repair session 7fecb480-d571-11e8-928d-dfac706d8306 for range (8436353141652595487,8453781065931841645] finished (progress: 46%)
[2018-10-21 14:40:21,832] Repair session 7fee3b20-d571-11e8-928d-dfac706d8306 for range (-3139669059045210197,-3118736350991526171] finished (progress: 46%)
[2018-10-21 14:40:21,985] Repair session 7ff16f71-d571-11e8-928d-dfac706d8306 for range (6150369105928520581,6164022190042588034] finished (progress: 47%)
[2018-10-21 14:40:22,141] Repair session 7ff3e070-d571-11e8-928d-dfac706d8306 for range (1760840577314454722,1761728209317026241] finished (progress: 47%)
[2018-10-21 14:40:22,263] Repair session 7ff714c0-d571-11e8-928d-dfac706d8306 for range (1866708404662544492,1912112211781569627] finished (progress: 48%)
[2018-10-21 14:40:22,357] Repair session 7ffd0831-d571-11e8-928d-dfac706d8306 for range (-8525582409312346339,-8499876823289883900] finished (progress: 48%)
[2018-10-21 14:40:22,421] Repair session 80025f61-d571-11e8-928d-dfac706d8306 for range (-2349208018015972587,-2348168030050440374] finished (progress: 48%)
[2018-10-21 14:40:22,578] Repair session 80067e11-d571-11e8-928d-dfac706d8306 for range (-6137019146704798273,-6100883556386350151] finished (progress: 49%)
[2018-10-21 14:40:22,717] Repair session 8009b260-d571-11e8-928d-dfac706d8306 for range (1572329242626755589,1574870399012950920] finished (progress: 49%)
[2018-10-21 14:40:22,830] Repair session 800aeae1-d571-11e8-928d-dfac706d8306 for range (369631041432185107,372560933812657979] finished (progress: 50%)
[2018-10-21 14:40:23,005] Repair session 800e6d51-d571-11e8-928d-dfac706d8306 for range (-9076062594014563982,-9058979962350718082] finished (progress: 50%)
[2018-10-21 14:40:23,104] Repair session 80101b00-d571-11e8-928d-dfac706d8306 for range (2739970280317687888,2761439380548901773] finished (progress: 50%)
[2018-10-21 14:40:23,164] Repair session 8013eb90-d571-11e8-928d-dfac706d8306 for range (-3338265738252472461,-3336199329802664063] finished (progress: 51%)
[2018-10-21 14:40:23,218] Repair session 80165c91-d571-11e8-928d-dfac706d8306 for range (8233467298551347689,8237615156477943967] finished (progress: 51%)
[2018-10-21 14:40:23,318] Repair session 801a0610-d571-11e8-928d-dfac706d8306 for range (-2348168030050440374,-2301796533640311285] finished (progress: 51%)
[2018-10-21 14:40:23,392] Repair session 801bb3c0-d571-11e8-928d-dfac706d8306 for range (7718973758149181384,7773004098366865774] finished (progress: 52%)
[2018-10-21 14:40:23,475] Repair session 801ec100-d571-11e8-928d-dfac706d8306 for range (-4677078515743292159,-4668184271520463607] finished (progress: 52%)
[2018-10-21 14:40:23,623] Repair session 8023a300-d571-11e8-928d-dfac706d8306 for range (8484979700823587587,8506912701439391579] finished (progress: 53%)
[2018-10-21 14:40:23,680] Repair session 80250291-d571-11e8-928d-dfac706d8306 for range (-7466597387326349107,-7460912144851908938] finished (progress: 53%)
[2018-10-21 14:40:23,749] Repair session 8029bd81-d571-11e8-928d-dfac706d8306 for range (-6553783923659152824,-6546594118510013883] finished (progress: 53%)
[2018-10-21 14:40:23,808] Repair session 802ca3b0-d571-11e8-928d-dfac706d8306 for range (-6444596264213414529,-6427675865378880453] finished (progress: 54%)
[2018-10-21 14:40:23,867] Repair session 803221f1-d571-11e8-928d-dfac706d8306 for range (3934209239544336491,3945857781710610301] finished (progress: 54%)
[2018-10-21 14:40:23,952] Repair session 80372b00-d571-11e8-928d-dfac706d8306 for range (6444447393244715897,6475441144916065432] finished (progress: 55%)
[2018-10-21 14:40:24,023] Repair session 803be5f0-d571-11e8-928d-dfac706d8306 for range (5767646010671062394,5826436730022862615] finished (progress: 55%)
[2018-10-21 14:40:24,104] Repair session 803ef330-d571-11e8-928d-dfac706d8306 for range (6961243858500619006,6975069488127874562] finished (progress: 55%)
[2018-10-21 14:40:24,176] Repair session 804338f0-d571-11e8-928d-dfac706d8306 for range (6391306738463203382,6397474447024395730] finished (progress: 56%)
[2018-10-21 14:40:24,227] Repair session 80473090-d571-11e8-928d-dfac706d8306 for range (6866134606368864259,6866909924772678205] finished (progress: 56%)
[2018-10-21 14:40:24,287] Repair session 80492c61-d571-11e8-928d-dfac706d8306 for range (-7529714855242130204,-7504200097838288502] finished (progress: 56%)
[2018-10-21 14:40:24,360] Repair session 804cd5e0-d571-11e8-928d-dfac706d8306 for range (7945568853345981898,7990850127774969590] finished (progress: 57%)
[2018-10-21 14:40:24,413] Repair session 80570f10-d571-11e8-928d-dfac706d8306 for range (-6174410061014306149,-6160263983123369929] finished (progress: 57%)
[2018-10-21 14:40:24,491] Repair session 805a4361-d571-11e8-928d-dfac706d8306 for range (6203163798538984325,6239338907308756770] finished (progress: 58%)
[2018-10-21 14:40:24,649] Repair session 805e13f0-d571-11e8-928d-dfac706d8306 for range (-8187212612480454210,-8135406906673341069] finished (progress: 58%)
[2018-10-21 14:40:24,818] Repair session 80600fc1-d571-11e8-928d-dfac706d8306 for range (5403098984465688640,5414798891133219653] finished (progress: 58%)
[2018-10-21 14:40:25,008] Repair session 8061bd71-d571-11e8-928d-dfac706d8306 for range (4972709663433404750,4990558348893366799] finished (progress: 59%)
[2018-10-21 14:40:25,096] Repair session 806518d0-d571-11e8-928d-dfac706d8306 for range (5071589153900333909,5089430447285147385] finished (progress: 59%)
[2018-10-21 14:40:25,192] Repair session 80660331-d571-11e8-928d-dfac706d8306 for range (6953497180475869864,6958697478458615939] finished (progress: 60%)
[2018-10-21 14:40:25,285] Repair session 806985a1-d571-11e8-928d-dfac706d8306 for range (-1086535861042756284,-1051193881604078646] finished (progress: 60%)
[2018-10-21 14:40:25,348] Repair session 806bcf91-d571-11e8-928d-dfac706d8306 for range (-595129490203309872,-585269171453364733] finished (progress: 60%)
[2018-10-21 14:40:25,414] Repair session 806f5200-d571-11e8-928d-dfac706d8306 for range (-4593707942833194607,-4573011826386016398] finished (progress: 61%)
[2018-10-21 14:40:25,509] Repair session 8070ffb0-d571-11e8-928d-dfac706d8306 for range (7503033077553224382,7541555455499687857] finished (progress: 61%)
[2018-10-21 14:40:25,568] Repair session 8074d040-d571-11e8-928d-dfac706d8306 for range (-6389034714841752875,-6385620260118178264] finished (progress: 61%)
[2018-10-21 14:40:25,633] Repair session 80776851-d571-11e8-928d-dfac706d8306 for range (-4624796449302364817,-4599124018006272864] finished (progress: 62%)
[2018-10-21 14:40:25,700] Repair session 807b11d1-d571-11e8-928d-dfac706d8306 for range (3290388342958052657,3299498249345653843] finished (progress: 62%)
[2018-10-21 14:40:25,801] Repair session 807ce691-d571-11e8-928d-dfac706d8306 for range (6612515243567690731,6621337608196578675] finished (progress: 63%)
[2018-10-21 14:40:25,870] Repair session 80801ae0-d571-11e8-928d-dfac706d8306 for range (-7356048375188652043,-7336057884580566362] finished (progress: 63%)
[2018-10-21 14:40:25,921] Repair session 8081c891-d571-11e8-928d-dfac706d8306 for range (6821428217140725509,6839151180776550300] finished (progress: 63%)
[2018-10-21 14:40:25,982] Repair session 80834f31-d571-11e8-928d-dfac706d8306 for range (7213086249344621530,7215445441776632994] finished (progress: 64%)
[2018-10-21 14:40:26,041] Repair session 80871fc0-d571-11e8-928d-dfac706d8306 for range (1915024781201675013,1927073507215623982] finished (progress: 64%)
[2018-10-21 14:40:26,111] Repair session 80885840-d571-11e8-928d-dfac706d8306 for range (3374437283793247529,3408068860726650759] finished (progress: 65%)
[2018-10-21 14:40:26,181] Repair session 8091f530-d571-11e8-928d-dfac706d8306 for range (8817008331893050980,8831640856220093561] finished (progress: 65%)
[2018-10-21 14:40:26,249] Repair session 80932db0-d571-11e8-928d-dfac706d8306 for range (-2855886469210512924,-2833680440216109238] finished (progress: 65%)
[2018-10-21 14:40:26,305] Repair session 80963af0-d571-11e8-928d-dfac706d8306 for range (-1773529562195902609,-1759175994349136467] finished (progress: 66%)
[2018-10-21 14:40:26,354] Repair session 8097e8a0-d571-11e8-928d-dfac706d8306 for range (-1051193881604078646,-1043487995919648988] finished (progress: 66%)
[2018-10-21 14:40:26,464] Repair session 809b4401-d571-11e8-928d-dfac706d8306 for range (2707731324439144878,2734499229514277409] finished (progress: 66%)
[2018-10-21 14:40:26,654] Repair session 809e5140-d571-11e8-928d-dfac706d8306 for range (3981628212585812414,4014216801797136427] finished (progress: 67%)
[2018-10-21 14:40:26,829] Repair session 80a64080-d571-11e8-928d-dfac706d8306 for range (-2976970715968271402,-2970206952468764604] finished (progress: 67%)
[2018-10-21 14:40:27,010] Repair session 80a77900-d571-11e8-928d-dfac706d8306 for range (5650279259537617222,5668154762601926063] finished (progress: 68%)
[2018-10-21 14:40:27,140] Repair session 80ab70a0-d571-11e8-928d-dfac706d8306 for range (5178370539956831198,5194880125995366583] finished (progress: 68%)
[2018-10-21 14:40:27,305] Repair session 80ade1a1-d571-11e8-928d-dfac706d8306 for range (1574870399012950920,1593685065109870531] finished (progress: 68%)
[2018-10-21 14:40:27,440] Repair session 80b13d00-d571-11e8-928d-dfac706d8306 for range (8009439150210857132,8026018611269134560] finished (progress: 69%)
[2018-10-21 14:40:27,519] Repair session 80b55bb1-d571-11e8-928d-dfac706d8306 for range (-2551478820998857086,-2542348959094062344] finished (progress: 69%)
[2018-10-21 14:40:27,620] Repair session 80b8de20-d571-11e8-928d-dfac706d8306 for range (8989760683249343437,9029195785928851351] finished (progress: 70%)
[2018-10-21 14:40:27,682] Repair session 80bb0101-d571-11e8-928d-dfac706d8306 for range (-4809111561892352312,-4808806169038363140] finished (progress: 70%)
[2018-10-21 14:40:27,746] Repair session 80bc6091-d571-11e8-928d-dfac706d8306 for range (-2301796533640311285,-2299612280245360762] finished (progress: 70%)
[2018-10-21 14:40:27,829] Repair session 80bfe301-d571-11e8-928d-dfac706d8306 for range (8358316472163752491,8373845850111866231] finished (progress: 71%)
[2018-10-21 14:40:27,949] Repair session 80c1b7c0-d571-11e8-928d-dfac706d8306 for range (2191513173978215373,2233406196658415237] finished (progress: 71%)
[2018-10-21 14:40:28,059] Repair session 80c56140-d571-11e8-928d-dfac706d8306 for range (5258655694241326884,5260415146825070467] finished (progress: 71%)
[2018-10-21 14:40:28,130] Repair session 80c70ef0-d571-11e8-928d-dfac706d8306 for range (-6859747556692695335,-6828576895569394383] finished (progress: 72%)
[2018-10-21 14:40:28,200] Repair session 80cd2970-d571-11e8-928d-dfac706d8306 for range (3894487014653959696,3934209239544336491] finished (progress: 72%)
[2018-10-21 14:40:28,289] Repair session 80d0fa00-d571-11e8-928d-dfac706d8306 for range (2054526900460982914,2089272059187154232] finished (progress: 73%)
[2018-10-21 14:40:28,429] Repair session 80d3b921-d571-11e8-928d-dfac706d8306 for range (-6095851357614253098,-6090685811716462636] finished (progress: 73%)
[2018-10-21 14:40:28,519] Repair session 80d4f1a0-d571-11e8-928d-dfac706d8306 for range (1225889321862970331,1233438157359986004] finished (progress: 73%)
[2018-10-21 14:40:28,592] Repair session 80d67840-d571-11e8-928d-dfac706d8306 for range (-3358515459179133683,-3338265738252472461] finished (progress: 74%)
[2018-10-21 14:40:28,678] Repair session 80d95e71-d571-11e8-928d-dfac706d8306 for range (-2622096222049141839,-2569080872329019913] finished (progress: 74%)
[2018-10-21 14:40:28,773] Repair session 80db0c20-d571-11e8-928d-dfac706d8306 for range (4605693948707457311,4636745617176756875] finished (progress: 75%)
[2018-10-21 14:40:28,898] Repair session 80dd5610-d571-11e8-928d-dfac706d8306 for range (4430641396787974420,4449638179418494711] finished (progress: 75%)
[2018-10-21 14:40:29,032] Repair session 80e0b170-d571-11e8-928d-dfac706d8306 for range (7990850127774969590,8003022666588613647] finished (progress: 75%)
[2018-10-21 14:40:29,106] Repair session 80e433e0-d571-11e8-928d-dfac706d8306 for range (7092896492020933540,7114409758516738872] finished (progress: 76%)
[2018-10-21 14:40:29,163] Repair session 80e59370-d571-11e8-928d-dfac706d8306 for range (696885647012771881,698218070483579898] finished (progress: 76%)
[2018-10-21 14:40:29,266] Repair session 80e915e0-d571-11e8-928d-dfac706d8306 for range (1372999323209598930,1396274011150426570] finished (progress: 76%)
[2018-10-21 14:40:29,436] Repair session 80ec7140-d571-11e8-928d-dfac706d8306 for range (8929147413101216069,8938193405222407322] finished (progress: 77%)
[2018-10-21 14:40:29,505] Repair session 80f21691-d571-11e8-928d-dfac706d8306 for range (-6138623906153533235,-6137019146704798273] finished (progress: 77%)
[2018-10-21 14:40:29,561] Repair session 80f43970-d571-11e8-928d-dfac706d8306 for range (-1658247896555496754,-1647998269551696866] finished (progress: 78%)
[2018-10-21 14:40:29,692] Repair session 80f6aa71-d571-11e8-928d-dfac706d8306 for range (-3043792763920312124,-2993289054051940672] finished (progress: 78%)
[2018-10-21 14:40:29,755] Repair session 80fa53f1-d571-11e8-928d-dfac706d8306 for range (7114409758516738872,7139008716468209760] finished (progress: 78%)
[2018-10-21 14:40:29,845] Repair session 80fbb380-d571-11e8-928d-dfac706d8306 for range (-4808806169038363140,-4798038512971757375] finished (progress: 79%)
[2018-10-21 14:40:29,921] Repair session 80fee7d0-d571-11e8-928d-dfac706d8306 for range (-4387768414846080634,-4382737151561460870] finished (progress: 79%)
[2018-10-21 14:40:29,976] Repair session 81004761-d571-11e8-928d-dfac706d8306 for range (146547244393919659,149898896894219204] finished (progress: 80%)
[2018-10-21 14:40:30,041] Repair session 810d8dd0-d571-11e8-928d-dfac706d8306 for range (5850225687813816799,5898764255349573825] finished (progress: 80%)
[2018-10-21 14:40:30,144] Repair session 810fb0b0-d571-11e8-928d-dfac706d8306 for range (4879169037486555235,4885328202304957424] finished (progress: 80%)
[2018-10-21 14:40:30,205] Repair session 8113f671-d571-11e8-928d-dfac706d8306 for range (229534811003658477,260801006333862983] finished (progress: 81%)
[2018-10-21 14:40:30,279] Repair session 81155601-d571-11e8-928d-dfac706d8306 for range (-4133768289676465875,-4084242041749837038] finished (progress: 81%)
[2018-10-21 14:40:30,334] Repair session 8118d871-d571-11e8-928d-dfac706d8306 for range (4751449787809245445,4769654803305799313] finished (progress: 81%)
[2018-10-21 14:40:30,376] Repair session 811ad440-d571-11e8-928d-dfac706d8306 for range (3372214209391131784,3374437283793247529] finished (progress: 82%)
[2018-10-21 14:40:30,515] Repair session 811f8f30-d571-11e8-928d-dfac706d8306 for range (-6068431089237137546,-5993629790622840351] finished (progress: 82%)
[2018-10-21 14:40:30,602] Repair session 8121d920-d571-11e8-928d-dfac706d8306 for range (2884595489590140660,2925116603917321307] finished (progress: 83%)
[2018-10-21 14:40:30,718] Repair session 8125a9b0-d571-11e8-928d-dfac706d8306 for range (-2993289054051940672,-2976970715968271402] finished (progress: 83%)
[2018-10-21 14:40:30,855] Repair session 8127a580-d571-11e8-928d-dfac706d8306 for range (1056856487992249798,1063077382377671749] finished (progress: 83%)
[2018-10-21 14:40:30,939] Repair session 812b00e0-d571-11e8-928d-dfac706d8306 for range (-5714967052787223917,-5687154315502876299] finished (progress: 84%)
[2018-10-21 14:40:31,067] Repair session 812f94c0-d571-11e8-928d-dfac706d8306 for range (-4260984611631459334,-4153389316595550171] finished (progress: 84%)
[2018-10-21 14:40:31,221] Repair session 81338c60-d571-11e8-928d-dfac706d8306 for range (-811165604084323981,-794266837993206826] finished (progress: 85%)
[2018-10-21 14:40:31,350] Repair session 8135af41-d571-11e8-928d-dfac706d8306 for range (-8851808531586014234,-8848649946364272398] finished (progress: 85%)
[2018-10-21 14:40:31,425] Repair session 8137ab10-d571-11e8-928d-dfac706d8306 for range (8900521357766618618,8918893669431191687] finished (progress: 85%)
[2018-10-21 14:40:31,499] Repair session 813958c0-d571-11e8-928d-dfac706d8306 for range (5194880125995366583,5224367101699892495] finished (progress: 86%)
[2018-10-21 14:40:31,571] Repair session 813b0670-d571-11e8-928d-dfac706d8306 for range (-2569080872329019913,-2561664049667320489] finished (progress: 86%)
[2018-10-21 14:40:31,625] Repair session 813c6601-d571-11e8-928d-dfac706d8306 for range (-6399845468663302212,-6392845991223636249] finished (progress: 86%)
[2018-10-21 14:40:31,713] Repair session 813deca1-d571-11e8-928d-dfac706d8306 for range (5946482195058309298,5969113195632677097] finished (progress: 87%)
[2018-10-21 14:40:31,830] Repair session 81414800-d571-11e8-928d-dfac706d8306 for range (-9106088762606144024,-9084183498643859027] finished (progress: 87%)
[2018-10-21 14:40:31,923] Repair session 8144a360-d571-11e8-928d-dfac706d8306 for range (-4364327869906472860,-4262474163439587324] finished (progress: 88%)
[2018-10-21 14:40:32,016] Repair session 81498560-d571-11e8-928d-dfac706d8306 for range (-8343297154406447071,-8300641018798552279] finished (progress: 88%)
[2018-10-21 14:40:32,104] Repair session 814ae4f1-d571-11e8-928d-dfac706d8306 for range (-2828758799979126520,-2793752442090030407] finished (progress: 88%)
[2018-10-21 14:40:32,178] Repair session 814e1940-d571-11e8-928d-dfac706d8306 for range (-1960658171359341500,-1931755256962511396] finished (progress: 89%)
[2018-10-21 14:40:32,235] Repair session 814f51c1-d571-11e8-928d-dfac706d8306 for range (5750671437854822745,5762468520254612037] finished (progress: 89%)
[2018-10-21 14:40:32,321] Repair session 81528610-d571-11e8-928d-dfac706d8306 for range (-3898374471196494204,-3892015767929562272] finished (progress: 90%)
[2018-10-21 14:40:32,380] Repair session 8154a8f0-d571-11e8-928d-dfac706d8306 for range (5500374453336717059,5507645323418521952] finished (progress: 90%)
[2018-10-21 14:40:32,437] Repair session 8157b631-d571-11e8-928d-dfac706d8306 for range (-6759017226258321715,-6745323369930243710] finished (progress: 90%)
[2018-10-21 14:40:32,498] Repair session 815a4e40-d571-11e8-928d-dfac706d8306 for range (-4881031700732767337,-4861815846514467356] finished (progress: 91%)
[2018-10-21 14:40:32,566] Repair session 815d5b80-d571-11e8-928d-dfac706d8306 for range (-4832657837676914023,-4822577134850747933] finished (progress: 91%)
[2018-10-21 14:40:32,618] Repair session 815f3040-d571-11e8-928d-dfac706d8306 for range (-3698140154412769819,-3695592306277411832] finished (progress: 91%)
[2018-10-21 14:40:32,714] Repair session 81623d81-d571-11e8-928d-dfac706d8306 for range (7860493812894732368,7868217691581097757] finished (progress: 92%)
[2018-10-21 14:40:32,772] Repair session 8165bff0-d571-11e8-928d-dfac706d8306 for range (-1967466084038892006,-1960658171359341500] finished (progress: 92%)
[2018-10-21 14:40:32,969] Repair session 8166aa52-d571-11e8-928d-dfac706d8306 for range (-7328018371784737338,-7274879028602793781] finished (progress: 93%)
[2018-10-21 14:40:33,144] Repair session 816a2cc0-d571-11e8-928d-dfac706d8306 for range (3331581385620123277,3348956543738083702] finished (progress: 93%)
[2018-10-21 14:40:33,275] Repair session 816b3e30-d571-11e8-928d-dfac706d8306 for range (5700348611037471549,5706885261923348979] finished (progress: 93%)
[2018-10-21 14:40:33,442] Repair session 816c76b1-d571-11e8-928d-dfac706d8306 for range (-4262474163439587324,-4260984611631459334] finished (progress: 94%)
[2018-10-21 14:40:33,612] Repair session 817465f1-d571-11e8-928d-dfac706d8306 for range (8453781065931841645,8484979700823587587] finished (progress: 94%)
[2018-10-21 14:40:33,695] Repair session 817920e0-d571-11e8-928d-dfac706d8306 for range (-2908904956945699860,-2855886469210512924] finished (progress: 95%)
[2018-10-21 14:40:33,863] Repair session 817c0710-d571-11e8-928d-dfac706d8306 for range (-7168436870023885859,-7153016475725245949] finished (progress: 95%)
[2018-10-21 14:40:34,029] Repair session 817f3b61-d571-11e8-928d-dfac706d8306 for range (-127773818180828203,-65117082375004123] finished (progress: 95%)
[2018-10-21 14:40:34,206] Repair session 8180c200-d571-11e8-928d-dfac706d8306 for range (-4084242041749837038,-4078943855541148635] finished (progress: 96%)
[2018-10-21 14:40:34,299] Repair session 81844470-d571-11e8-928d-dfac706d8306 for range (-6385620260118178264,-6384710715968923150] finished (progress: 96%)
[2018-10-21 14:40:34,493] Repair session 81857cf1-d571-11e8-928d-dfac706d8306 for range (6534753969911993321,6583658648363199142] finished (progress: 96%)
[2018-10-21 14:40:34,584] Repair session 8186dc80-d571-11e8-928d-dfac706d8306 for range (-1864852090971064560,-1836150072653110683] finished (progress: 97%)
[2018-10-21 14:40:34,644] Repair session 818afb31-d571-11e8-928d-dfac706d8306 for range (-8917735947962627369,-8894378067213105819] finished (progress: 97%)
[2018-10-21 14:40:34,696] Repair session 818c33b1-d571-11e8-928d-dfac706d8306 for range (4877075953980176281,4879169037486555235] finished (progress: 98%)
[2018-10-21 14:40:34,774] Repair session 818fdd30-d571-11e8-928d-dfac706d8306 for range (-6501592814035853577,-6446780108929118809] finished (progress: 98%)
[2018-10-21 14:40:34,831] Repair session 81913cc1-d571-11e8-928d-dfac706d8306 for range (7500804069896094870,7503033077553224382] finished (progress: 98%)
[2018-10-21 14:40:34,889] Repair session 8195f7b0-d571-11e8-928d-dfac706d8306 for range (5744793936111698997,5750671437854822745] finished (progress: 99%)
[2018-10-21 14:40:34,985] Repair session 81977e50-d571-11e8-928d-dfac706d8306 for range (8968123468444270929,8989760683249343437] finished (progress: 99%)
[2018-10-21 14:40:35,111] Repair session 8198dde1-d571-11e8-928d-dfac706d8306 for range (6839151180776550300,6866134606368864259] finished (progress: 100%)
[2018-10-21 14:40:35,156] Repair completed successfully
[2018-10-21 14:40:35,156] Repair command #1 finished in 29 seconds
