[2018-10-21 14:40:38,066] Starting repair command #1, repairing keyspace killrvideo with repair options (parallelism: parallel, primary range: true, incremental: false, job threads: 1, ColumnFamilies: [], dataCenters: [], hosts: [], # of ranges: 256)
[2018-10-21 14:40:39,436] Repair session 919f7f50-d571-11e8-bf80-b30d749a99ce for range (-1756666141605665119,-1724373968881412133] finished (progress: 1%)
[2018-10-21 14:40:39,826] Repair session 91a74780-d571-11e8-bf80-b30d749a99ce for range (-6148474100936179138,-6138623906153533235] finished (progress: 2%)
[2018-10-21 14:40:40,274] Repair session 91ac77a0-d571-11e8-bf80-b30d749a99ce for range (8506912701439391579,8609178871436030189] finished (progress: 2%)
[2018-10-21 14:40:40,695] Repair session 91b50320-d571-11e8-bf80-b30d749a99ce for range (-2929056777296365369,-2908904956945699860] finished (progress: 3%)
[2018-10-21 14:40:41,062] Repair session 91b88590-d571-11e8-bf80-b30d749a99ce for range (-1104293941183880531,-1086535861042756284] finished (progress: 3%)
[2018-10-21 14:40:41,509] Repair session 91be51f1-d571-11e8-bf80-b30d749a99ce for range (5320723118907044389,5331897566955912649] finished (progress: 3%)
[2018-10-21 14:40:41,797] Repair session 91c3f740-d571-11e8-bf80-b30d749a99ce for range (1143267084839199625,1154632927813621392] finished (progress: 4%)
[2018-10-21 14:40:42,254] Repair session 91c99c90-d571-11e8-bf80-b30d749a99ce for range (2508035938926410382,2518779003593363874] finished (progress: 4%)
[2018-10-21 14:40:42,642] Repair session 91d164c0-d571-11e8-bf80-b30d749a99ce for range (-8390075534677871336,-8372603699695916995] finished (progress: 5%)
[2018-10-21 14:40:43,059] Repair session 91d75830-d571-11e8-bf80-b30d749a99ce for range (-7460912144851908938,-7459539987383729934] finished (progress: 5%)
[2018-10-21 14:40:43,533] Repair session 91dc3a30-d571-11e8-bf80-b30d749a99ce for range (-4822577134850747933,-4809111561892352312] finished (progress: 5%)
[2018-10-21 14:40:43,931] Repair session 91e4ecc1-d571-11e8-bf80-b30d749a99ce for range (-7077964275580693307,-7041427631074930068] finished (progress: 6%)
[2018-10-21 14:40:44,322] Repair session 91e58902-d571-11e8-bf80-b30d749a99ce for range (-7850162430378318794,-7840250976310221334] finished (progress: 6%)
[2018-10-21 14:40:44,774] Repair session 91f03760-d571-11e8-bf80-b30d749a99ce for range (1063077382377671749,1091836254885693019] finished (progress: 6%)
[2018-10-21 14:40:45,001] Repair session 91f4a430-d571-11e8-bf80-b30d749a99ce for range (-6680088293303841683,-6652196037773315659] finished (progress: 7%)
[2018-10-21 14:40:45,156] Repair session 91f84db0-d571-11e8-bf80-b30d749a99ce for range (5595270972913699862,5624522982995554187] finished (progress: 7%)
[2018-10-21 14:40:45,266] Repair session 91ff0470-d571-11e8-bf80-b30d749a99ce for range (-9114952870752361422,-9109627070493155510] finished (progress: 8%)
[2018-10-21 14:40:45,387] Repair session 9203bf60-d571-11e8-bf80-b30d749a99ce for range (2925116603917321307,2963847996325917735] finished (progress: 8%)
[2018-10-21 14:40:45,459] Repair session 9208ef80-d571-11e8-bf80-b30d749a99ce for range (-6446780108929118809,-6445404027628874741] finished (progress: 8%)
[2018-10-21 14:40:45,556] Repair session 92121740-d571-11e8-bf80-b30d749a99ce for range (-5778844672499098189,-5768146595285023151] finished (progress: 9%)
[2018-10-21 14:40:45,617] Repair session 92179580-d571-11e8-bf80-b30d749a99ce for range (-9195985209066781550,-9188174008807215454] finished (progress: 9%)
[2018-10-21 14:40:45,738] Repair session 921db000-d571-11e8-bf80-b30d749a99ce for range (-4464429572295533278,-4416243335233004373] finished (progress: 10%)
[2018-10-21 14:40:45,889] Repair session 9221a7a1-d571-11e8-bf80-b30d749a99ce for range (7306626988671052466,7311796331227864973] finished (progress: 10%)
[2018-10-21 14:40:46,204] Repair session 9225ed60-d571-11e8-bf80-b30d749a99ce for range (-7138877346997439023,-7077964275580693307] finished (progress: 10%)
[2018-10-21 14:40:46,441] Repair session 922aa851-d571-11e8-bf80-b30d749a99ce for range (-525966801619454100,-472893485459524230] finished (progress: 11%)
[2018-10-21 14:40:46,656] Repair session 922f3c30-d571-11e8-bf80-b30d749a99ce for range (-43794446849157984,-21440829715275083] finished (progress: 11%)
[2018-10-21 14:40:46,811] Repair session 9235cbe1-d571-11e8-bf80-b30d749a99ce for range (-2833680440216109238,-2828758799979126520] finished (progress: 11%)
[2018-10-21 14:40:46,900] Repair session 923bbf50-d571-11e8-bf80-b30d749a99ce for range (7892820998627430963,7921324422972027053] finished (progress: 12%)
[2018-10-21 14:40:47,065] Repair session 92400510-d571-11e8-bf80-b30d749a99ce for range (8609178871436030189,8657228082334170433] finished (progress: 12%)
[2018-10-21 14:40:47,136] Repair session 92461f90-d571-11e8-bf80-b30d749a99ce for range (-3936105118397904698,-3927581419639950549] finished (progress: 13%)
[2018-10-21 14:40:47,227] Repair session 9248b7a1-d571-11e8-bf80-b30d749a99ce for range (-2036861336977782843,-1989474254271334257] finished (progress: 13%)
[2018-10-21 14:40:47,321] Repair session 924e5cf1-d571-11e8-bf80-b30d749a99ce for range (2089272059187154232,2161901601136871834] finished (progress: 13%)
[2018-10-21 14:40:47,492] Repair session 92533ef0-d571-11e8-bf80-b30d749a99ce for range (7773004098366865774,7793795396733141920] finished (progress: 14%)
[2018-10-21 14:40:47,675] Repair session 925513b0-d571-11e8-bf80-b30d749a99ce for range (1538760896501259606,1540245217878190968] finished (progress: 14%)
[2018-10-21 14:40:47,756] Repair session 9258bd30-d571-11e8-bf80-b30d749a99ce for range (4037452660798671765,4102614982730073900] finished (progress: 15%)
[2018-10-21 14:40:47,837] Repair session 925cdbe1-d571-11e8-bf80-b30d749a99ce for range (-5360084027096447986,-5331150869085440108] finished (progress: 15%)
[2018-10-21 14:40:47,940] Repair session 92603740-d571-11e8-bf80-b30d749a99ce for range (-3927581419639950549,-3904769071727005658] finished (progress: 15%)
[2018-10-21 14:40:48,095] Repair session 9264cb20-d571-11e8-bf80-b30d749a99ce for range (-739003726446298389,-736488101335014993] finished (progress: 16%)
[2018-10-21 14:40:48,185] Repair session 92676330-d571-11e8-bf80-b30d749a99ce for range (-3732555781896694673,-3698140154412769819] finished (progress: 16%)
[2018-10-21 14:40:48,255] Repair session 926bd000-d571-11e8-bf80-b30d749a99ce for range (6310134689679543437,6391306738463203382] finished (progress: 16%)
[2018-10-21 14:40:48,327] Repair session 92725fb0-d571-11e8-bf80-b30d749a99ce for range (-6968545914986501722,-6962870369346242090] finished (progress: 17%)
[2018-10-21 14:40:48,382] Repair session 92760931-d571-11e8-bf80-b30d749a99ce for range (-7549941358767836237,-7547470189205656035] finished (progress: 17%)
[2018-10-21 14:40:48,466] Repair session 927a00d0-d571-11e8-bf80-b30d749a99ce for range (-7274879028602793781,-7261118484115855177] finished (progress: 18%)
[2018-10-21 14:40:48,598] Repair session 927c23b1-d571-11e8-bf80-b30d749a99ce for range (-2143758346535401164,-2101499043186927294] finished (progress: 18%)
[2018-10-21 14:40:48,680] Repair session 928105b1-d571-11e8-bf80-b30d749a99ce for range (-8839166852468908858,-8827710650575686533] finished (progress: 18%)
[2018-10-21 14:40:48,760] Repair session 92826540-d571-11e8-bf80-b30d749a99ce for range (-2531371628916077173,-2502024510670263066] finished (progress: 19%)
[2018-10-21 14:40:48,823] Repair session 92879561-d571-11e8-bf80-b30d749a99ce for range (5176712604971960923,5178370539956831198] finished (progress: 19%)
[2018-10-21 14:40:48,868] Repair session 928d88d0-d571-11e8-bf80-b30d749a99ce for range (-8848649946364272398,-8839166852468908858] finished (progress: 20%)
[2018-10-21 14:40:48,935] Repair session 928ff9d0-d571-11e8-bf80-b30d749a99ce for range (1233438157359986004,1295838563386221312] finished (progress: 20%)
[2018-10-21 14:40:48,993] Repair session 92955100-d571-11e8-bf80-b30d749a99ce for range (-852538783668888042,-848041047086446361] finished (progress: 20%)
[2018-10-21 14:40:49,051] Repair session 929a3300-d571-11e8-bf80-b30d749a99ce for range (709274027415294356,733688464617362247] finished (progress: 21%)
[2018-10-21 14:40:49,167] Repair session 929e51b0-d571-11e8-bf80-b30d749a99ce for range (-4642649634422111136,-4624796449302364817] finished (progress: 21%)
[2018-10-21 14:40:49,312] Repair session 92a3f701-d571-11e8-bf80-b30d749a99ce for range (8657228082334170433,8679092434728876244] finished (progress: 21%)
[2018-10-21 14:40:49,409] Repair session 92a7c790-d571-11e8-bf80-b30d749a99ce for range (-936602122786957911,-932252311708574460] finished (progress: 22%)
[2018-10-21 14:40:49,469] Repair session 92a94e31-d571-11e8-bf80-b30d749a99ce for range (-8096740120870950921,-8032173968162179060] finished (progress: 22%)
[2018-10-21 14:40:49,562] Repair session 92ad45d1-d571-11e8-bf80-b30d749a99ce for range (-2741625205116611361,-2739493043994409496] finished (progress: 23%)
[2018-10-21 14:40:49,665] Repair session 92b227d0-d571-11e8-bf80-b30d749a99ce for range (2567628652809994424,2593187500368617978] finished (progress: 23%)
[2018-10-21 14:40:49,722] Repair session 92b6bbb0-d571-11e8-bf80-b30d749a99ce for range (6434094659334687717,6444447393244715897] finished (progress: 23%)
[2018-10-21 14:40:49,799] Repair session 92b86960-d571-11e8-bf80-b30d749a99ce for range (-6546594118510013883,-6527180350327620989] finished (progress: 24%)
[2018-10-21 14:40:49,902] Repair session 92c1b831-d571-11e8-bf80-b30d749a99ce for range (5331897566955912649,5388591355510535234] finished (progress: 24%)
[2018-10-21 14:40:50,017] Repair session 92c73670-d571-11e8-bf80-b30d749a99ce for range (4410428530919883882,4430641396787974420] finished (progress: 25%)
[2018-10-21 14:40:50,092] Repair session 92ca1ca0-d571-11e8-bf80-b30d749a99ce for range (-1931755256962511396,-1891265352810346010] finished (progress: 25%)
[2018-10-21 14:40:50,165] Repair session 92cd9f11-d571-11e8-bf80-b30d749a99ce for range (-5807722640626268852,-5778844672499098189] finished (progress: 25%)
[2018-10-21 14:40:50,224] Repair session 92cfe900-d571-11e8-bf80-b30d749a99ce for range (-8935357351765655958,-8917735947962627369] finished (progress: 26%)
[2018-10-21 14:40:50,282] Repair session 92d51920-d571-11e8-bf80-b30d749a99ce for range (-359992970118433499,-353690396695237344] finished (progress: 26%)
[2018-10-21 14:40:50,370] Repair session 92d6ede0-d571-11e8-bf80-b30d749a99ce for range (7420014557189162524,7474325062399157104] finished (progress: 26%)
[2018-10-21 14:40:50,431] Repair session 92dd7d90-d571-11e8-bf80-b30d749a99ce for range (-6272412157153326579,-6271499141081005207] finished (progress: 27%)
[2018-10-21 14:40:50,492] Repair session 92e286a0-d571-11e8-bf80-b30d749a99ce for range (-1139356303979196895,-1134981953667551719] finished (progress: 27%)
[2018-10-21 14:40:50,535] Repair session 92e40d41-d571-11e8-bf80-b30d749a99ce for range (-4153389316595550171,-4152869781544084285] finished (progress: 28%)
[2018-10-21 14:40:50,594] Repair session 92e804e0-d571-11e8-bf80-b30d749a99ce for range (-8980430505590113787,-8970252640287118561] finished (progress: 28%)
[2018-10-21 14:40:50,712] Repair session 92ec98c0-d571-11e8-bf80-b30d749a99ce for range (6533566990381864890,6534753969911993321] finished (progress: 28%)
[2018-10-21 14:40:50,787] Repair session 92ee6d80-d571-11e8-bf80-b30d749a99ce for range (1761728209317026241,1764760591390698350] finished (progress: 29%)
[2018-10-21 14:40:50,874] Repair session 92f06951-d571-11e8-bf80-b30d749a99ce for range (3433509726017984279,3453770360886922618] finished (progress: 29%)
[2018-10-21 14:40:50,949] Repair session 92f460f0-d571-11e8-bf80-b30d749a99ce for range (7831378407042166925,7860493812894732368] finished (progress: 30%)
[2018-10-21 14:40:51,010] Repair session 92f8a6b0-d571-11e8-bf80-b30d749a99ce for range (-8603817750559543476,-8553959588713672352] finished (progress: 30%)
[2018-10-21 14:40:51,062] Repair session 92fbb3f0-d571-11e8-bf80-b30d749a99ce for range (-6926858342354015723,-6903519012782501262] finished (progress: 30%)
[2018-10-21 14:40:51,127] Repair session 9303f150-d571-11e8-bf80-b30d749a99ce for range (-407865845635067468,-367569786223571858] finished (progress: 31%)
[2018-10-21 14:40:51,186] Repair session 9308fa60-d571-11e8-bf80-b30d749a99ce for range (2536965978947735459,2550367954742948381] finished (progress: 31%)
[2018-10-21 14:40:51,250] Repair session 930acf21-d571-11e8-bf80-b30d749a99ce for range (4014216801797136427,4037452660798671765] finished (progress: 31%)
[2018-10-21 14:40:51,315] Repair session 930e78a0-d571-11e8-bf80-b30d749a99ce for range (5488363557934836994,5500374453336717059] finished (progress: 32%)
[2018-10-21 14:40:51,399] Repair session 93102650-d571-11e8-bf80-b30d749a99ce for range (-65117082375004123,-43794446849157984] finished (progress: 32%)
[2018-10-21 14:40:51,457] Repair session 93149320-d571-11e8-bf80-b30d749a99ce for range (-5060301395885347058,-5056684523353839859] finished (progress: 33%)
[2018-10-21 14:40:51,507] Repair session 9317ee80-d571-11e8-bf80-b30d749a99ce for range (-2499205230020498456,-2476603494335262160] finished (progress: 33%)
[2018-10-21 14:40:51,566] Repair session 931b70f1-d571-11e8-bf80-b30d749a99ce for range (581160205778485089,590671361031892976] finished (progress: 33%)
[2018-10-21 14:40:51,655] Repair session 931f1a70-d571-11e8-bf80-b30d749a99ce for range (-1678268254464968313,-1658247896555496754] finished (progress: 34%)
[2018-10-21 14:40:51,795] Repair session 9320c821-d571-11e8-bf80-b30d749a99ce for range (-1724373968881412133,-1699583417462729090] finished (progress: 34%)
[2018-10-21 14:40:51,861] Repair session 932534f0-d571-11e8-bf80-b30d749a99ce for range (-2101499043186927294,-2096651899369600854] finished (progress: 35%)
[2018-10-21 14:40:51,924] Repair session 9326e2a0-d571-11e8-bf80-b30d749a99ce for range (878297540492919751,884632098282228486] finished (progress: 35%)
[2018-10-21 14:40:52,003] Repair session 932ada40-d571-11e8-bf80-b30d749a99ce for range (6239338907308756770,6254502406483369030] finished (progress: 35%)
[2018-10-21 14:40:52,069] Repair session 932cd611-d571-11e8-bf80-b30d749a99ce for range (1041866824365474771,1056856487992249798] finished (progress: 36%)
[2018-10-21 14:40:52,130] Repair session 93307f90-d571-11e8-bf80-b30d749a99ce for range (-6878290124966599609,-6859747556692695335] finished (progress: 36%)
[2018-10-21 14:40:52,205] Repair session 9334c550-d571-11e8-bf80-b30d749a99ce for range (-8196939760364842106,-8189997643091693164] finished (progress: 36%)
[2018-10-21 14:40:52,265] Repair session 9337f9a0-d571-11e8-bf80-b30d749a99ce for range (-21440829715275083,-16220327722756910] finished (progress: 37%)
[2018-10-21 14:40:52,329] Repair session 933bca30-d571-11e8-bf80-b30d749a99ce for range (8680915799984102636,8681539118857975287] finished (progress: 37%)
[2018-10-21 14:40:52,405] Repair session 933efe80-d571-11e8-bf80-b30d749a99ce for range (-6418886573499902290,-6399845468663302212] finished (progress: 38%)
[2018-10-21 14:40:52,537] Repair session 93414870-d571-11e8-bf80-b30d749a99ce for range (-4861815846514467356,-4832657837676914023] finished (progress: 38%)
[2018-10-21 14:40:52,627] Repair session 9344cae0-d571-11e8-bf80-b30d749a99ce for range (-932252311708574460,-926558931340888891] finished (progress: 38%)
[2018-10-21 14:40:52,718] Repair session 93467890-d571-11e8-bf80-b30d749a99ce for range (5414798891133219653,5446715580806245394] finished (progress: 39%)
[2018-10-21 14:40:52,802] Repair session 9349d3f1-d571-11e8-bf80-b30d749a99ce for range (-1484905481359249922,-1407276256779435059] finished (progress: 39%)
[2018-10-21 14:40:52,888] Repair session 934fc760-d571-11e8-bf80-b30d749a99ce for range (2734499229514277409,2739970280317687888] finished (progress: 40%)
[2018-10-21 14:40:52,966] Repair session 93521150-d571-11e8-bf80-b30d749a99ce for range (1540245217878190968,1546813638855650759] finished (progress: 40%)
[2018-10-21 14:40:53,213] Repair session 93556cb0-d571-11e8-bf80-b30d749a99ce for range (867196018222230521,878297540492919751] finished (progress: 40%)
[2018-10-21 14:40:53,382] Repair session 93574171-d571-11e8-bf80-b30d749a99ce for range (8296765444508367899,8298113562551928042] finished (progress: 41%)
[2018-10-21 14:40:53,552] Repair session 935ac3e0-d571-11e8-bf80-b30d749a99ce for range (-1699583417462729090,-1689533911445587882] finished (progress: 41%)
[2018-10-21 14:40:53,681] Repair session 935f09a0-d571-11e8-bf80-b30d749a99ce for range (-8189997643091693164,-8187212612480454210] finished (progress: 41%)
[2018-10-21 14:40:53,851] Repair session 93632850-d571-11e8-bf80-b30d749a99ce for range (7029195412124693196,7073173042380567691] finished (progress: 42%)
[2018-10-21 14:40:54,050] Repair session 93652420-d571-11e8-bf80-b30d749a99ce for range (1396274011150426570,1399127838749586155] finished (progress: 42%)
[2018-10-21 14:40:54,252] Repair session 9368f4b0-d571-11e8-bf80-b30d749a99ce for range (590671361031892976,650646049688393360] finished (progress: 43%)
[2018-10-21 14:40:54,417] Repair session 936a7b50-d571-11e8-bf80-b30d749a99ce for range (-5179290115437219263,-5152385916794967993] finished (progress: 43%)
[2018-10-21 14:40:54,572] Repair session 93710b00-d571-11e8-bf80-b30d749a99ce for range (173235295100332040,229534811003658477] finished (progress: 43%)
[2018-10-21 14:40:54,737] Repair session 93741841-d571-11e8-bf80-b30d749a99ce for range (-848041047086446361,-811165604084323981] finished (progress: 44%)
[2018-10-21 14:40:54,941] Repair session 937fb101-d571-11e8-bf80-b30d749a99ce for range (-246525694413993175,-223359303546060633] finished (progress: 44%)
[2018-10-21 14:40:55,080] Repair session 9383a8a0-d571-11e8-bf80-b30d749a99ce for range (3717389810612728647,3751385019613394324] finished (progress: 45%)
[2018-10-21 14:40:55,208] Repair session 93881570-d571-11e8-bf80-b30d749a99ce for range (-7547470189205656035,-7529714855242130204] finished (progress: 45%)
[2018-10-21 14:40:55,377] Repair session 9389c320-d571-11e8-bf80-b30d749a99ce for range (3205375279744741356,3211544710598772243] finished (progress: 45%)
[2018-10-21 14:40:55,568] Repair session 938d93b0-d571-11e8-bf80-b30d749a99ce for range (-9133769170956904689,-9130851908943476872] finished (progress: 46%)
[2018-10-21 14:40:55,768] Repair session 938f6870-d571-11e8-bf80-b30d749a99ce for range (-7995032166425299901,-7953975575069121675] finished (progress: 46%)
[2018-10-21 14:40:55,914] Repair session 9394bfa0-d571-11e8-bf80-b30d749a99ce for range (8918893669431191687,8929147413101216069] finished (progress: 46%)
[2018-10-21 14:40:56,120] Repair session 93969460-d571-11e8-bf80-b30d749a99ce for range (9101020243127034257,9147496534503902594] finished (progress: 47%)
[2018-10-21 14:40:56,324] Repair session 939a64f1-d571-11e8-bf80-b30d749a99ce for range (7147357195410461021,7149626357090172078] finished (progress: 47%)
[2018-10-21 14:40:56,486] Repair session 939e5c90-d571-11e8-bf80-b30d749a99ce for range (5446715580806245394,5455909010283925458] finished (progress: 48%)
[2018-10-21 14:40:56,636] Repair session 93a0cd90-d571-11e8-bf80-b30d749a99ce for range (-8789932646775774948,-8761680336721384355] finished (progress: 48%)
[2018-10-21 14:40:56,766] Repair session 93a5af90-d571-11e8-bf80-b30d749a99ce for range (8831640856220093561,8872569170381395172] finished (progress: 48%)
[2018-10-21 14:40:56,929] Repair session 93ab06c0-d571-11e8-bf80-b30d749a99ce for range (-7796578647358125558,-7778942943558885376] finished (progress: 49%)
[2018-10-21 14:40:57,080] Repair session 93afe8c0-d571-11e8-bf80-b30d749a99ce for range (-8970252640287118561,-8935357351765655958] finished (progress: 49%)
[2018-10-21 14:40:57,143] Repair session 93b19670-d571-11e8-bf80-b30d749a99ce for range (-1134981953667551719,-1104293941183880531] finished (progress: 50%)
[2018-10-21 14:40:57,255] Repair session 93b518e1-d571-11e8-bf80-b30d749a99ce for range (2799877321606652160,2884595489590140660] finished (progress: 50%)
[2018-10-21 14:40:57,314] Repair session 93b789e0-d571-11e8-bf80-b30d749a99ce for range (7157074267345757981,7174114599461176760] finished (progress: 50%)
[2018-10-21 14:40:57,416] Repair session 93bb5a70-d571-11e8-bf80-b30d749a99ce for range (-5110142837074461578,-5060301395885347058] finished (progress: 51%)
[2018-10-21 14:40:57,469] Repair session 93c03c71-d571-11e8-bf80-b30d749a99ce for range (-2931939620011153816,-2929056777296365369] finished (progress: 51%)
[2018-10-21 14:40:57,542] Repair session 93c40d00-d571-11e8-bf80-b30d749a99ce for range (-223359303546060633,-220373030843726306] finished (progress: 51%)
[2018-10-21 14:40:57,603] Repair session 93c74150-d571-11e8-bf80-b30d749a99ce for range (3115388408889947287,3140933634792717601] finished (progress: 52%)
[2018-10-21 14:40:57,674] Repair session 93c91611-d571-11e8-bf80-b30d749a99ce for range (-2441527690111090020,-2437602101032713798] finished (progress: 52%)
[2018-10-21 14:40:57,727] Repair session 93ce4630-d571-11e8-bf80-b30d749a99ce for range (-2393474480541419213,-2382571077994296429] finished (progress: 53%)
[2018-10-21 14:40:57,791] Repair session 93d01af0-d571-11e8-bf80-b30d749a99ce for range (6998741451617122401,7012588125146103527] finished (progress: 53%)
[2018-10-21 14:40:57,855] Repair session 93d3eb80-d571-11e8-bf80-b30d749a99ce for range (1399127838749586155,1452146455255381988] finished (progress: 53%)
[2018-10-21 14:40:57,920] Repair session 93d60e60-d571-11e8-bf80-b30d749a99ce for range (-6626879993719810844,-6577055532505695925] finished (progress: 54%)
[2018-10-21 14:40:57,977] Repair session 93da0600-d571-11e8-bf80-b30d749a99ce for range (-3662134720372428172,-3618606964416479417] finished (progress: 54%)
[2018-10-21 14:40:58,029] Repair session 93df0f10-d571-11e8-bf80-b30d749a99ce for range (2488740138336352063,2497676696621520513] finished (progress: 55%)
[2018-10-21 14:40:58,091] Repair session 93e43f30-d571-11e8-bf80-b30d749a99ce for range (-2538044031625316208,-2531371628916077173] finished (progress: 55%)
[2018-10-21 14:40:58,166] Repair session 93e8ac00-d571-11e8-bf80-b30d749a99ce for range (5461124253830072285,5473505743968388476] finished (progress: 55%)
[2018-10-21 14:40:58,227] Repair session 93eaf5f0-d571-11e8-bf80-b30d749a99ce for range (2501068020007270146,2508035938926410382] finished (progress: 56%)
[2018-10-21 14:40:58,301] Repair session 93ee9f70-d571-11e8-bf80-b30d749a99ce for range (2518779003593363874,2536965978947735459] finished (progress: 56%)
[2018-10-21 14:40:58,352] Repair session 93f13780-d571-11e8-bf80-b30d749a99ce for range (7311796331227864973,7319277533972497100] finished (progress: 56%)
[2018-10-21 14:40:58,418] Repair session 93f55630-d571-11e8-bf80-b30d749a99ce for range (-5486973004527634334,-5439702089628992373] finished (progress: 57%)
[2018-10-21 14:40:58,470] Repair session 93fb70b1-d571-11e8-bf80-b30d749a99ce for range (2550367954742948381,2559170911382339514] finished (progress: 57%)
[2018-10-21 14:40:58,537] Repair session 93fdbaa0-d571-11e8-bf80-b30d749a99ce for range (3945857781710610301,3981628212585812414] finished (progress: 58%)
[2018-10-21 14:40:58,611] Repair session 93ff4141-d571-11e8-bf80-b30d749a99ce for range (-4733960693063914985,-4677078515743292159] finished (progress: 58%)
[2018-10-21 14:40:58,696] Repair session 94029ca0-d571-11e8-bf80-b30d749a99ce for range (7355716736474336968,7410187470553593789] finished (progress: 58%)
[2018-10-21 14:40:58,810] Repair session 94064620-d571-11e8-bf80-b30d749a99ce for range (-1360015938670598790,-1305809163957079602] finished (progress: 59%)
[2018-10-21 14:40:58,885] Repair session 9409efa0-d571-11e8-bf80-b30d749a99ce for range (-1278858052972914892,-1268990289460062548] finished (progress: 59%)
[2018-10-21 14:40:58,950] Repair session 940cd5d1-d571-11e8-bf80-b30d749a99ce for range (2363850127518039867,2405901837961027629] finished (progress: 60%)
[2018-10-21 14:40:59,008] Repair session 940f94f0-d571-11e8-bf80-b30d749a99ce for range (5224367101699892495,5231406521113509794] finished (progress: 60%)
[2018-10-21 14:40:59,063] Repair session 9412f050-d571-11e8-bf80-b30d749a99ce for range (5986780346345491095,6033073499347035273] finished (progress: 60%)
[2018-10-21 14:40:59,185] Repair session 94144fe1-d571-11e8-bf80-b30d749a99ce for range (-2045619892633978016,-2037862492871396345] finished (progress: 61%)
[2018-10-21 14:40:59,301] Repair session 941672c1-d571-11e8-bf80-b30d749a99ce for range (3598277671774605773,3614462824665761502] finished (progress: 61%)
[2018-10-21 14:40:59,440] Repair session 9419ce20-d571-11e8-bf80-b30d749a99ce for range (-2687494520589489152,-2660306584668106239] finished (progress: 61%)
[2018-10-21 14:40:59,513] Repair session 941c3f21-d571-11e8-bf80-b30d749a99ce for range (7868217691581097757,7892820998627430963] finished (progress: 62%)
[2018-10-21 14:40:59,574] Repair session 94231cf0-d571-11e8-bf80-b30d749a99ce for range (1721752904084645016,1752782352085861124] finished (progress: 62%)
[2018-10-21 14:40:59,694] Repair session 94258df1-d571-11e8-bf80-b30d749a99ce for range (9210174702143741610,-9195985209066781550] finished (progress: 63%)
[2018-10-21 14:40:59,791] Repair session 9428e951-d571-11e8-bf80-b30d749a99ce for range (3368790180033613273,3372214209391131784] finished (progress: 63%)
[2018-10-21 14:40:59,863] Repair session 942abe11-d571-11e8-bf80-b30d749a99ce for range (-6289714544106446851,-6272412157153326579] finished (progress: 63%)
[2018-10-21 14:40:59,970] Repair session 942e4081-d571-11e8-bf80-b30d749a99ce for range (-992839601047475422,-942002493118504886] finished (progress: 64%)
[2018-10-21 14:41:00,097] Repair session 942fa010-d571-11e8-bf80-b30d749a99ce for range (-736488101335014993,-718164775960520184] finished (progress: 64%)
[2018-10-21 14:41:00,262] Repair session 943126b1-d571-11e8-bf80-b30d749a99ce for range (7073173042380567691,7092896492020933540] finished (progress: 65%)
[2018-10-21 14:41:00,449] Repair session 943c9860-d571-11e8-bf80-b30d749a99ce for range (3299498249345653843,3331581385620123277] finished (progress: 65%)
[2018-10-21 14:41:00,594] Repair session 943e1f00-d571-11e8-bf80-b30d749a99ce for range (-1873034222748508239,-1864852090971064560] finished (progress: 65%)
[2018-10-21 14:41:00,681] Repair session 943f7e91-d571-11e8-bf80-b30d749a99ce for range (-6338141046240747516,-6289714544106446851] finished (progress: 66%)
[2018-10-21 14:41:00,762] Repair session 94430100-d571-11e8-bf80-b30d749a99ce for range (3577970015916632979,3596068109953228635] finished (progress: 66%)
[2018-10-21 14:41:00,819] Repair session 9444aeb0-d571-11e8-bf80-b30d749a99ce for range (8963569056164887373,8968123468444270929] finished (progress: 66%)
[2018-10-21 14:41:00,932] Repair session 9448f471-d571-11e8-bf80-b30d749a99ce for range (-8344487663953668595,-8343297154406447071] finished (progress: 67%)
[2018-10-21 14:41:01,101] Repair session 944a7b10-d571-11e8-bf80-b30d749a99ce for range (-7759958718509831569,-7737067323041199401] finished (progress: 67%)
[2018-10-21 14:41:01,271] Repair session 944e4ba0-d571-11e8-bf80-b30d749a99ce for range (2593187500368617978,2704659139341608268] finished (progress: 68%)
[2018-10-21 14:41:01,442] Repair session 94506e80-d571-11e8-bf80-b30d749a99ce for range (-6745323369930243710,-6717477152145297124] finished (progress: 68%)
[2018-10-21 14:41:01,602] Repair session 9453f0f1-d571-11e8-bf80-b30d749a99ce for range (-5152385916794967993,-5147526465991591805] finished (progress: 68%)
[2018-10-21 14:41:01,814] Repair session 94557790-d571-11e8-bf80-b30d749a99ce for range (-794266837993206826,-780247662499233622] finished (progress: 69%)
[2018-10-21 14:41:01,959] Repair session 9458fa00-d571-11e8-bf80-b30d749a99ce for range (-6090685811716462636,-6085188683020253911] finished (progress: 69%)
[2018-10-21 14:41:02,184] Repair session 945acec0-d571-11e8-bf80-b30d749a99ce for range (8310300143455525977,8358316472163752491] finished (progress: 70%)
[2018-10-21 14:41:02,261] Repair session 945ddc00-d571-11e8-bf80-b30d749a99ce for range (-628029485629859534,-595129490203309872] finished (progress: 70%)
[2018-10-21 14:41:02,338] Repair session 9463f680-d571-11e8-bf80-b30d749a99ce for range (8092689236444273901,8196701287228396474] finished (progress: 70%)
[2018-10-21 14:41:02,387] Repair session 9468b170-d571-11e8-bf80-b30d749a99ce for range (8872569170381395172,8889637190026363652] finished (progress: 71%)
[2018-10-21 14:41:02,436] Repair session 946bbeb1-d571-11e8-bf80-b30d749a99ce for range (-7260679341088733763,-7242008630450831592] finished (progress: 71%)
[2018-10-21 14:41:02,494] Repair session 946f1a10-d571-11e8-bf80-b30d749a99ce for range (-5683438226266650295,-5591754250200318974] finished (progress: 71%)
[2018-10-21 14:41:02,533] Repair session 94729c81-d571-11e8-bf80-b30d749a99ce for range (7139008716468209760,7139227441773640218] finished (progress: 72%)
[2018-10-21 14:41:02,592] Repair session 9474e670-d571-11e8-bf80-b30d749a99ce for range (-7611432498773748421,-7549941358767836237] finished (progress: 72%)
[2018-10-21 14:41:02,656] Repair session 94781ac0-d571-11e8-bf80-b30d749a99ce for range (4449638179418494711,4501665963936829963] finished (progress: 73%)
[2018-10-21 14:41:02,734] Repair session 947a64b1-d571-11e8-bf80-b30d749a99ce for range (-5319018384836035080,-5270776155535746733] finished (progress: 73%)
[2018-10-21 14:41:02,802] Repair session 947dc011-d571-11e8-bf80-b30d749a99ce for range (-2763436487825486426,-2755809480643830477] finished (progress: 73%)
[2018-10-21 14:41:02,851] Repair session 94807f30-d571-11e8-bf80-b30d749a99ce for range (6115336814313001888,6120451800967787568] finished (progress: 74%)
[2018-10-21 14:41:02,926] Repair session 94838c70-d571-11e8-bf80-b30d749a99ce for range (-7504200097838288502,-7493101742317979472] finished (progress: 74%)
[2018-10-21 14:41:02,983] Repair session 94856130-d571-11e8-bf80-b30d749a99ce for range (5129660208264840203,5176712604971960923] finished (progress: 75%)
[2018-10-21 14:41:03,035] Repair session 9488bc90-d571-11e8-bf80-b30d749a99ce for range (-4790698277627855185,-4787610643733892194] finished (progress: 75%)
[2018-10-21 14:41:03,098] Repair session 948a9150-d571-11e8-bf80-b30d749a99ce for range (-2435662241700920435,-2393474480541419213] finished (progress: 75%)
[2018-10-21 14:41:03,145] Repair session 948decb0-d571-11e8-bf80-b30d749a99ce for range (2405901837961027629,2430565014471276301] finished (progress: 76%)
[2018-10-21 14:41:03,195] Repair session 94912101-d571-11e8-bf80-b30d749a99ce for range (-6762107368618296527,-6761470092160745313] finished (progress: 76%)
[2018-10-21 14:41:03,246] Repair session 9492ceb0-d571-11e8-bf80-b30d749a99ce for range (-1647998269551696866,-1632927692908289653] finished (progress: 76%)
[2018-10-21 14:41:03,316] Repair session 94960300-d571-11e8-bf80-b30d749a99ce for range (7636639653716338047,7695364314720613717] finished (progress: 77%)
[2018-10-21 14:41:03,391] Repair session 9497fed0-d571-11e8-bf80-b30d749a99ce for range (5706885261923348979,5744793936111698997] finished (progress: 77%)
[2018-10-21 14:41:03,446] Repair session 949c1d81-d571-11e8-bf80-b30d749a99ce for range (1337234325699850072,1339926736452424491] finished (progress: 78%)
[2018-10-21 14:41:03,643] Repair session 949fee10-d571-11e8-bf80-b30d749a99ce for range (4226331443023550863,4298862584290873469] finished (progress: 78%)
[2018-10-21 14:41:03,796] Repair session 94a4a900-d571-11e8-bf80-b30d749a99ce for range (8889637190026363652,8900521357766618618] finished (progress: 78%)
[2018-10-21 14:41:03,989] Repair session 94a915d0-d571-11e8-bf80-b30d749a99ce for range (9172889110905226957,9210174702143741610] finished (progress: 79%)
[2018-10-21 14:41:04,173] Repair session 94ab5fc0-d571-11e8-bf80-b30d749a99ce for range (-472893485459524230,-430387458780052883] finished (progress: 79%)
[2018-10-21 14:41:04,316] Repair session 94ae9411-d571-11e8-bf80-b30d749a99ce for range (-533136035881176130,-529104741202165816] finished (progress: 80%)
[2018-10-21 14:41:04,486] Repair session 94b068d1-d571-11e8-bf80-b30d749a99ce for range (-6160263983123369929,-6148474100936179138] finished (progress: 80%)
[2018-10-21 14:41:04,583] Repair session 94b3eb41-d571-11e8-bf80-b30d749a99ce for range (-5331150869085440108,-5324762199395136395] finished (progress: 80%)
[2018-10-21 14:41:04,642] Repair session 94b60e21-d571-11e8-bf80-b30d749a99ce for range (-7041141574269284959,-7027603931644773014] finished (progress: 81%)
[2018-10-21 14:41:04,701] Repair session 94b96980-d571-11e8-bf80-b30d749a99ce for range (746685418823999797,774179799001216730] finished (progress: 81%)
[2018-10-21 14:41:04,757] Repair session 94bdfd60-d571-11e8-bf80-b30d749a99ce for range (-7840250976310221334,-7839685320305364882] finished (progress: 81%)
[2018-10-21 14:41:04,828] Repair session 94c131b1-d571-11e8-bf80-b30d749a99ce for range (65194608434269334,99086175900966990] finished (progress: 82%)
[2018-10-21 14:41:04,883] Repair session 94c3a2b1-d571-11e8-bf80-b30d749a99ce for range (-1632927692908289653,-1624324941972301919] finished (progress: 82%)
[2018-10-21 14:41:04,941] Repair session 94c6d700-d571-11e8-bf80-b30d749a99ce for range (5688581892400934107,5700348611037471549] finished (progress: 83%)
[2018-10-21 14:41:05,013] Repair session 94c884b0-d571-11e8-bf80-b30d749a99ce for range (-7839685320305364882,-7796578647358125558] finished (progress: 83%)
[2018-10-21 14:41:05,077] Repair session 94c9e441-d571-11e8-bf80-b30d749a99ce for range (6975069488127874562,6998741451617122401] finished (progress: 83%)
[2018-10-21 14:41:05,138] Repair session 94cec640-d571-11e8-bf80-b30d749a99ce for range (5052607949789648420,5061841933253588258] finished (progress: 84%)
[2018-10-21 14:41:05,185] Repair session 94d09b00-d571-11e8-bf80-b30d749a99ce for range (8938193405222407322,8943005146888662980] finished (progress: 84%)
[2018-10-21 14:41:05,233] Repair session 94d3f660-d571-11e8-bf80-b30d749a99ce for range (774179799001216730,776825673795107072] finished (progress: 85%)
[2018-10-21 14:41:05,294] Repair session 94daad21-d571-11e8-bf80-b30d749a99ce for range (4598924333315273966,4605693948707457311] finished (progress: 85%)
[2018-10-21 14:41:05,368] Repair session 94dc0cb1-d571-11e8-bf80-b30d749a99ce for range (5670854777735576122,5688581892400934107] finished (progress: 85%)
[2018-10-21 14:41:05,427] Repair session 94df19f1-d571-11e8-bf80-b30d749a99ce for range (-2078208356491970456,-2045619892633978016] finished (progress: 86%)
[2018-10-21 14:41:05,505] Repair session 94ea3d80-d571-11e8-bf80-b30d749a99ce for range (-5041756542380339723,-4977930701374242298] finished (progress: 86%)
[2018-10-21 14:41:05,594] Repair session 94ee0e10-d571-11e8-bf80-b30d749a99ce for range (8396867551935272670,8436353141652595487] finished (progress: 86%)
[2018-10-21 14:41:05,646] Repair session 94f19080-d571-11e8-bf80-b30d749a99ce for range (-1043487995919648988,-1032046719701331646] finished (progress: 87%)
[2018-10-21 14:41:05,723] Repair session 94f31720-d571-11e8-bf80-b30d749a99ce for range (6254502406483369030,6307306651537600494] finished (progress: 87%)
[2018-10-21 14:41:05,901] Repair session 94f67280-d571-11e8-bf80-b30d749a99ce for range (3071269364915983430,3115388408889947287] finished (progress: 88%)
[2018-10-21 14:41:06,061] Repair session 94f931a0-d571-11e8-bf80-b30d749a99ce for range (6164022190042588034,6171274518721279386] finished (progress: 88%)
[2018-10-21 14:41:06,263] Repair session 94fc3ee0-d571-11e8-bf80-b30d749a99ce for range (-7660800137858896484,-7611432498773748421] finished (progress: 88%)
[2018-10-21 14:41:06,390] Repair session 94fed6f1-d571-11e8-bf80-b30d749a99ce for range (-8012896668314152630,-7995032166425299901] finished (progress: 89%)
[2018-10-21 14:41:06,445] Repair session 9503b8f0-d571-11e8-bf80-b30d749a99ce for range (-3493354498971232297,-3476116594876594120] finished (progress: 89%)
[2018-10-21 14:41:06,537] Repair session 95071450-d571-11e8-bf80-b30d749a99ce for range (-6717477152145297124,-6680088293303841683] finished (progress: 90%)
[2018-10-21 14:41:06,648] Repair session 950c4471-d571-11e8-bf80-b30d749a99ce for range (2161901601136871834,2191513173978215373] finished (progress: 90%)
[2018-10-21 14:41:06,696] Repair session 950dcb11-d571-11e8-bf80-b30d749a99ce for range (-9109627070493155510,-9106088762606144024] finished (progress: 90%)
[2018-10-21 14:41:06,738] Repair session 95114d80-d571-11e8-bf80-b30d749a99ce for range (-529104741202165816,-525966801619454100] finished (progress: 91%)
[2018-10-21 14:41:06,791] Repair session 9512d421-d571-11e8-bf80-b30d749a99ce for range (5260415146825070467,5282747565632356569] finished (progress: 91%)
[2018-10-21 14:41:06,884] Repair session 95167da0-d571-11e8-bf80-b30d749a99ce for range (7273335899703709594,7306626988671052466] finished (progress: 91%)
[2018-10-21 14:41:06,942] Repair session 9517dd31-d571-11e8-bf80-b30d749a99ce for range (-4886947606352862026,-4881031700732767337] finished (progress: 92%)
[2018-10-21 14:41:06,998] Repair session 951a4e30-d571-11e8-bf80-b30d749a99ce for range (2317959912897857823,2333157529417415120] finished (progress: 92%)
[2018-10-21 14:41:07,222] Repair session 951d8280-d571-11e8-bf80-b30d749a99ce for range (3504446873090701813,3517969036296313908] finished (progress: 93%)
[2018-10-21 14:41:07,352] Repair session 951f0920-d571-11e8-bf80-b30d749a99ce for range (2559170911382339514,2567628652809994424] finished (progress: 93%)
[2018-10-21 14:41:07,503] Repair session 95228b91-d571-11e8-bf80-b30d749a99ce for range (8381080760518103333,8396867551935272670] finished (progress: 93%)
[2018-10-21 14:41:07,657] Repair session 95241230-d571-11e8-bf80-b30d749a99ce for range (-4152869781544084285,-4133768289676465875] finished (progress: 94%)
[2018-10-21 14:41:07,800] Repair session 952b8c40-d571-11e8-bf80-b30d749a99ce for range (149898896894219204,154860794894151246] finished (progress: 94%)
[2018-10-21 14:41:07,935] Repair session 952ec090-d571-11e8-bf80-b30d749a99ce for range (-2437602101032713798,-2436381899232406824] finished (progress: 95%)
[2018-10-21 14:41:08,107] Repair session 95324300-d571-11e8-bf80-b30d749a99ce for range (-2163294467692811657,-2143758346535401164] finished (progress: 95%)
[2018-10-21 14:41:08,276] Repair session 95348cf0-d571-11e8-bf80-b30d749a99ce for range (-4945383779559976031,-4926746350167570866] finished (progress: 95%)
[2018-10-21 14:41:08,439] Repair session 95380f60-d571-11e8-bf80-b30d749a99ce for range (4336027501697375550,4350415434125196565] finished (progress: 96%)
[2018-10-21 14:41:08,613] Repair session 9539e421-d571-11e8-bf80-b30d749a99ce for range (-8032173968162179060,-8014105512991755533] finished (progress: 96%)
[2018-10-21 14:41:08,731] Repair session 953b6ac0-d571-11e8-bf80-b30d749a99ce for range (-9130851908943476872,-9114952870752361422] finished (progress: 96%)
[2018-10-21 14:41:08,793] Repair session 953f1440-d571-11e8-bf80-b30d749a99ce for range (-2542348959094062344,-2538044031625316208] finished (progress: 97%)
[2018-10-21 14:41:08,849] Repair session 9540e900-d571-11e8-bf80-b30d749a99ce for range (1570763854113881055,1572329242626755589] finished (progress: 97%)
[2018-10-21 14:41:08,903] Repair session 95449280-d571-11e8-bf80-b30d749a99ce for range (-5768146595285023151,-5755350320672671236] finished (progress: 98%)
[2018-10-21 14:41:09,018] Repair session 95464030-d571-11e8-bf80-b30d749a99ce for range (-2793752442090030407,-2763436487825486426] finished (progress: 98%)
[2018-10-21 14:41:09,076] Repair session 9549e9b0-d571-11e8-bf80-b30d749a99ce for range (5473505743968388476,5488363557934836994] finished (progress: 98%)
[2018-10-21 14:41:09,164] Repair session 954b2231-d571-11e8-bf80-b30d749a99ce for range (6067062646164724902,6115336814313001888] finished (progress: 99%)
[2018-10-21 14:41:09,278] Repair session 954c81c0-d571-11e8-bf80-b30d749a99ce for range (-3171612784069765852,-3139669059045210197] finished (progress: 99%)
[2018-10-21 14:41:09,347] Repair session 9551d8f0-d571-11e8-bf80-b30d749a99ce for range (-2165507003465302511,-2163294467692811657] finished (progress: 100%)
[2018-10-21 14:41:09,409] Repair completed successfully
[2018-10-21 14:41:09,409] Repair command #1 finished in 31 seconds
